<?xml version="1.0" encoding="UTF-8"?>
<!-- Generated by org.testng.reporters.JUnitXMLReporter -->
<testsuite ignored="0" hostname="DESKTOP-IHTC1M0" failures="0" tests="251" name="MeetingRooms" time="6.812" errors="0" timestamp="2020-12-17T19:49:09 SGT">
  <testcase classname="MeetingRooms.aaa0001meetingRoomsUITest" name="@BeforeTest launchbrowser" time="5.606">
    <failure type="org.openqa.selenium.SessionNotCreatedException" message="session not created
from chrome not reachable
  (Session info: chrome=87.0.4280.88)
Build info: version: &amp;apos;3.141.59&amp;apos;, revision: &amp;apos;e82be7d358&amp;apos;, time: &amp;apos;2018-11-14T08:17:03&amp;apos;
System info: host: &amp;apos;DESKTOP-IHTC1M0&amp;apos;, ip: &amp;apos;192.168.254.144&amp;apos;, os.name: &amp;apos;Windows 10&amp;apos;, os.arch: &amp;apos;amd64&amp;apos;, os.version: &amp;apos;10.0&amp;apos;, java.version: &amp;apos;14.0.2&amp;apos;
Driver info: driver.version: ChromeDriver
remote stacktrace: Backtrace:
	Ordinal0 [0x0057C0C3+3326147]
	Ordinal0 [0x00460851+2164817]
	Ordinal0 [0x002E7140+618816]
	Ordinal0 [0x002DD404+578564]
	Ordinal0 [0x002DDACB+580299]
	Ordinal0 [0x002DED35+585013]
	Ordinal0 [0x002D9D61+564577]
	Ordinal0 [0x002E82C0+623296]
	Ordinal0 [0x00286BDD+224221]
	Ordinal0 [0x00285CAC+220332]
	Ordinal0 [0x0028189B+202907]
	Ordinal0 [0x00263DF4+81396]
	Ordinal0 [0x00264DEE+85486]
	Ordinal0 [0x00264D79+85369]
	Ordinal0 [0x004785DC+2262492]
	GetHandleVerifier [0x00702874+1487204]
	GetHandleVerifier [0x007023CD+1486013]
	GetHandleVerifier [0x0070A368+1518680]
	GetHandleVerifier [0x00702F4E+1488958]
	Ordinal0 [0x0046ED0D+2223373]
	Ordinal0 [0x0047A12B+2269483]
	Ordinal0 [0x0047A26F+2269807]
	Ordinal0 [0x0048ECB8+2354360]
	BaseThreadInitThunk [0x75260419+25]
	RtlGetAppContainerNamedObjectPath [0x776074ED+237]
	RtlGetAppContainerNamedObjectPath [0x776074BD+189]
">
      <![CDATA[org.openqa.selenium.SessionNotCreatedException: session not created
from chrome not reachable
  (Session info: chrome=87.0.4280.88)
Build info: version: '3.141.59', revision: 'e82be7d358', time: '2018-11-14T08:17:03'
System info: host: 'DESKTOP-IHTC1M0', ip: '192.168.254.144', os.name: 'Windows 10', os.arch: 'amd64', os.version: '10.0', java.version: '14.0.2'
Driver info: driver.version: ChromeDriver
remote stacktrace: Backtrace:
Ordinal0 [0x0057C0C3+3326147]
Ordinal0 [0x00460851+2164817]
Ordinal0 [0x002E7140+618816]
Ordinal0 [0x002DD404+578564]
Ordinal0 [0x002DDACB+580299]
Ordinal0 [0x002DED35+585013]
Ordinal0 [0x002D9D61+564577]
Ordinal0 [0x002E82C0+623296]
Ordinal0 [0x00286BDD+224221]
Ordinal0 [0x00285CAC+220332]
Ordinal0 [0x0028189B+202907]
Ordinal0 [0x00263DF4+81396]
Ordinal0 [0x00264DEE+85486]
Ordinal0 [0x00264D79+85369]
Ordinal0 [0x004785DC+2262492]
GetHandleVerifier [0x00702874+1487204]
GetHandleVerifier [0x007023CD+1486013]
GetHandleVerifier [0x0070A368+1518680]
GetHandleVerifier [0x00702F4E+1488958]
Ordinal0 [0x0046ED0D+2223373]
Ordinal0 [0x0047A12B+2269483]
Ordinal0 [0x0047A26F+2269807]
Ordinal0 [0x0048ECB8+2354360]
BaseThreadInitThunk [0x75260419+25]
RtlGetAppContainerNamedObjectPath [0x776074ED+237]
RtlGetAppContainerNamedObjectPath [0x776074BD+189]

at org.openqa.selenium.remote.W3CHandshakeResponse.lambda$errorHandler$0(W3CHandshakeResponse.java:62)
at org.openqa.selenium.remote.HandshakeResponse.lambda$getResponseFunction$0(HandshakeResponse.java:30)
at org.openqa.selenium.remote.ProtocolHandshake.lambda$createSession$0(ProtocolHandshake.java:126)
at java.base/java.util.stream.ReferencePipeline$3$1.accept(ReferencePipeline.java:195)
at java.base/java.util.Spliterators$ArraySpliterator.tryAdvance(Spliterators.java:958)
at java.base/java.util.stream.ReferencePipeline.forEachWithCancel(ReferencePipeline.java:127)
at java.base/java.util.stream.AbstractPipeline.copyIntoWithCancel(AbstractPipeline.java:502)
at java.base/java.util.stream.AbstractPipeline.copyInto(AbstractPipeline.java:488)
at java.base/java.util.stream.AbstractPipeline.wrapAndCopyInto(AbstractPipeline.java:474)
at java.base/java.util.stream.FindOps$FindOp.evaluateSequential(FindOps.java:150)
at java.base/java.util.stream.AbstractPipeline.evaluate(AbstractPipeline.java:234)
at java.base/java.util.stream.ReferencePipeline.findFirst(ReferencePipeline.java:543)
at org.openqa.selenium.remote.ProtocolHandshake.createSession(ProtocolHandshake.java:128)
at org.openqa.selenium.remote.ProtocolHandshake.createSession(ProtocolHandshake.java:74)
at org.openqa.selenium.remote.HttpCommandExecutor.execute(HttpCommandExecutor.java:136)
at org.openqa.selenium.remote.service.DriverCommandExecutor.execute(DriverCommandExecutor.java:83)
at org.openqa.selenium.remote.RemoteWebDriver.execute(RemoteWebDriver.java:552)
at org.openqa.selenium.remote.RemoteWebDriver.startSession(RemoteWebDriver.java:213)
at org.openqa.selenium.remote.RemoteWebDriver.<init>(RemoteWebDriver.java:131)
at org.openqa.selenium.chrome.ChromeDriver.<init>(ChromeDriver.java:181)
at org.openqa.selenium.chrome.ChromeDriver.<init>(ChromeDriver.java:168)
at org.openqa.selenium.chrome.ChromeDriver.<init>(ChromeDriver.java:157)
at MeetingRooms.aaa0001meetingRoomsUITest.launchbrowser(aaa0001meetingRoomsUITest.java:55)
... Removed 29 stack frames]]>
    </failure>
  </testcase> <!-- @BeforeTest launchbrowser -->
  <testcase classname="MeetingRooms.aaa0002StartMeetingRoomConfirmationDialogTest" name="@BeforeTest launchbrowser" time="-1.608205748313E9">
    <skipped/>
  </testcase> <!-- @BeforeTest launchbrowser -->
  <testcase classname="MeetingRooms.aaa0003AddNewMeetingRoomTest" name="@BeforeTest launchbrowser" time="-1.608205748314E9">
    <skipped/>
  </testcase> <!-- @BeforeTest launchbrowser -->
  <testcase classname="MeetingRooms.aaa0004HostWebinarRoomConfirmationDialogTest" name="@BeforeTest launchbrowser" time="-1.608205748315E9">
    <skipped/>
  </testcase> <!-- @BeforeTest launchbrowser -->
  <testcase classname="MeetingRooms.aaa0005HostWebinarRoom_Logo_BroadcastPortlet_ConferenceInfoTestUI" name="@BeforeTest launchbrowser" time="-1.608205748316E9">
    <skipped/>
  </testcase> <!-- @BeforeTest launchbrowser -->
  <testcase classname="MeetingRooms.aaa0006HostMeetingRoomToolBodyTestUI" name="@BeforeTest launchbrowser" time="-1.608205748317E9">
    <skipped/>
  </testcase> <!-- @BeforeTest launchbrowser -->
  <testcase classname="MeetingRooms.aaa0007HostWebinarRoomCurrentAttendeeslist_AND_GlobalChatTestUI" name="@BeforeTest launchbrowser" time="-1.608205748317E9">
    <skipped/>
  </testcase> <!-- @BeforeTest launchbrowser -->
  <testcase classname="MeetingRooms.aaa0001meetingRoomsUITest" name="@AfterMethod tearDown" time="-1.608205748331E9">
    <skipped/>
  </testcase> <!-- @AfterMethod tearDown -->
  <testcase classname="MeetingRooms.aaa0001meetingRoomsUITest" name="@AfterMethod tearDown" time="-1.608205748335E9">
    <skipped/>
  </testcase> <!-- @AfterMethod tearDown -->
  <testcase classname="MeetingRooms.aaa0001meetingRoomsUITest" name="@AfterMethod tearDown" time="-1.608205748339E9">
    <skipped/>
  </testcase> <!-- @AfterMethod tearDown -->
  <testcase classname="MeetingRooms.aaa0001meetingRoomsUITest" name="@AfterMethod tearDown" time="-1.608205748344E9">
    <skipped/>
  </testcase> <!-- @AfterMethod tearDown -->
  <testcase classname="MeetingRooms.aaa0001meetingRoomsUITest" name="@AfterMethod tearDown" time="-1.608205748351E9">
    <skipped/>
  </testcase> <!-- @AfterMethod tearDown -->
  <testcase classname="MeetingRooms.aaa0001meetingRoomsUITest" name="@AfterMethod tearDown" time="-1.608205748355E9">
    <skipped/>
  </testcase> <!-- @AfterMethod tearDown -->
  <testcase classname="MeetingRooms.aaa0001meetingRoomsUITest" name="@AfterMethod tearDown" time="-1.608205748359E9">
    <skipped/>
  </testcase> <!-- @AfterMethod tearDown -->
  <testcase classname="MeetingRooms.aaa0001meetingRoomsUITest" name="@AfterMethod tearDown" time="-1.608205748366E9">
    <skipped/>
  </testcase> <!-- @AfterMethod tearDown -->
  <testcase classname="MeetingRooms.aaa0001meetingRoomsUITest" name="@AfterMethod tearDown" time="-1.60820574837E9">
    <skipped/>
  </testcase> <!-- @AfterMethod tearDown -->
  <testcase classname="MeetingRooms.aaa0001meetingRoomsUITest" name="@AfterMethod tearDown" time="-1.608205748376E9">
    <skipped/>
  </testcase> <!-- @AfterMethod tearDown -->
  <testcase classname="MeetingRooms.aaa0001meetingRoomsUITest" name="@AfterMethod tearDown" time="-1.60820574839E9">
    <skipped/>
  </testcase> <!-- @AfterMethod tearDown -->
  <testcase classname="MeetingRooms.aaa0001meetingRoomsUITest" name="@AfterMethod tearDown" time="-1.608205748412E9">
    <skipped/>
  </testcase> <!-- @AfterMethod tearDown -->
  <testcase classname="MeetingRooms.aaa0001meetingRoomsUITest" name="@AfterMethod tearDown" time="-1.608205748415E9">
    <skipped/>
  </testcase> <!-- @AfterMethod tearDown -->
  <testcase classname="MeetingRooms.aaa0001meetingRoomsUITest" name="@AfterMethod tearDown" time="-1.60820574844E9">
    <skipped/>
  </testcase> <!-- @AfterMethod tearDown -->
  <testcase classname="MeetingRooms.aaa0001meetingRoomsUITest" name="@AfterMethod tearDown" time="-1.608205748447E9">
    <skipped/>
  </testcase> <!-- @AfterMethod tearDown -->
  <testcase classname="MeetingRooms.aaa0001meetingRoomsUITest" name="@AfterMethod tearDown" time="-1.608205748454E9">
    <skipped/>
  </testcase> <!-- @AfterMethod tearDown -->
  <testcase classname="MeetingRooms.aaa0001meetingRoomsUITest" name="@AfterMethod tearDown" time="-1.60820574846E9">
    <skipped/>
  </testcase> <!-- @AfterMethod tearDown -->
  <testcase classname="MeetingRooms.aaa0001meetingRoomsUITest" name="@AfterMethod tearDown" time="-1.608205748465E9">
    <skipped/>
  </testcase> <!-- @AfterMethod tearDown -->
  <testcase classname="MeetingRooms.aaa0001meetingRoomsUITest" name="@AfterMethod tearDown" time="-1.608205748471E9">
    <skipped/>
  </testcase> <!-- @AfterMethod tearDown -->
  <testcase classname="MeetingRooms.aaa0002StartMeetingRoomConfirmationDialogTest" name="@AfterMethod tearDown" time="-1.608205748474E9">
    <skipped/>
  </testcase> <!-- @AfterMethod tearDown -->
  <testcase classname="MeetingRooms.aaa0002StartMeetingRoomConfirmationDialogTest" name="@AfterMethod tearDown" time="-1.608205748478E9">
    <skipped/>
  </testcase> <!-- @AfterMethod tearDown -->
  <testcase classname="MeetingRooms.aaa0002StartMeetingRoomConfirmationDialogTest" name="@AfterMethod tearDown" time="-1.608205748481E9">
    <skipped/>
  </testcase> <!-- @AfterMethod tearDown -->
  <testcase classname="MeetingRooms.aaa0002StartMeetingRoomConfirmationDialogTest" name="@AfterMethod tearDown" time="-1.608205748485E9">
    <skipped/>
  </testcase> <!-- @AfterMethod tearDown -->
  <testcase classname="MeetingRooms.aaa0002StartMeetingRoomConfirmationDialogTest" name="@AfterMethod tearDown" time="-1.608205748488E9">
    <skipped/>
  </testcase> <!-- @AfterMethod tearDown -->
  <testcase classname="MeetingRooms.aaa0002StartMeetingRoomConfirmationDialogTest" name="@AfterMethod tearDown" time="-1.608205748491E9">
    <skipped/>
  </testcase> <!-- @AfterMethod tearDown -->
  <testcase classname="MeetingRooms.aaa0002StartMeetingRoomConfirmationDialogTest" name="@AfterMethod tearDown" time="-1.608205748494E9">
    <skipped/>
  </testcase> <!-- @AfterMethod tearDown -->
  <testcase classname="MeetingRooms.aaa0002StartMeetingRoomConfirmationDialogTest" name="@AfterMethod tearDown" time="-1.608205748498E9">
    <skipped/>
  </testcase> <!-- @AfterMethod tearDown -->
  <testcase classname="MeetingRooms.aaa0002StartMeetingRoomConfirmationDialogTest" name="@AfterMethod tearDown" time="-1.608205748502E9">
    <skipped/>
  </testcase> <!-- @AfterMethod tearDown -->
  <testcase classname="MeetingRooms.aaa0002StartMeetingRoomConfirmationDialogTest" name="@AfterMethod tearDown" time="-1.608205748507E9">
    <skipped/>
  </testcase> <!-- @AfterMethod tearDown -->
  <testcase classname="MeetingRooms.aaa0002StartMeetingRoomConfirmationDialogTest" name="@AfterMethod tearDown" time="-1.60820574851E9">
    <skipped/>
  </testcase> <!-- @AfterMethod tearDown -->
  <testcase classname="MeetingRooms.aaa0002StartMeetingRoomConfirmationDialogTest" name="@AfterMethod tearDown" time="-1.608205748515E9">
    <skipped/>
  </testcase> <!-- @AfterMethod tearDown -->
  <testcase classname="MeetingRooms.aaa0002StartMeetingRoomConfirmationDialogTest" name="@AfterMethod tearDown" time="-1.608205748522E9">
    <skipped/>
  </testcase> <!-- @AfterMethod tearDown -->
  <testcase classname="MeetingRooms.aaa0002StartMeetingRoomConfirmationDialogTest" name="@AfterMethod tearDown" time="-1.608205748547E9">
    <skipped/>
  </testcase> <!-- @AfterMethod tearDown -->
  <testcase classname="MeetingRooms.aaa0003AddNewMeetingRoomTest" name="@AfterMethod tearDown" time="-1.608205748552E9">
    <skipped/>
  </testcase> <!-- @AfterMethod tearDown -->
  <testcase classname="MeetingRooms.aaa0003AddNewMeetingRoomTest" name="@AfterMethod tearDown" time="-1.608205748556E9">
    <skipped/>
  </testcase> <!-- @AfterMethod tearDown -->
  <testcase classname="MeetingRooms.aaa0003AddNewMeetingRoomTest" name="@AfterMethod tearDown" time="-1.60820574856E9">
    <skipped/>
  </testcase> <!-- @AfterMethod tearDown -->
  <testcase classname="MeetingRooms.aaa0003AddNewMeetingRoomTest" name="@AfterMethod tearDown" time="-1.608205748564E9">
    <skipped/>
  </testcase> <!-- @AfterMethod tearDown -->
  <testcase classname="MeetingRooms.aaa0003AddNewMeetingRoomTest" name="@AfterMethod tearDown" time="-1.60820574857E9">
    <skipped/>
  </testcase> <!-- @AfterMethod tearDown -->
  <testcase classname="MeetingRooms.aaa0003AddNewMeetingRoomTest" name="@AfterMethod tearDown" time="-1.608205748574E9">
    <skipped/>
  </testcase> <!-- @AfterMethod tearDown -->
  <testcase classname="MeetingRooms.aaa0003AddNewMeetingRoomTest" name="@AfterMethod tearDown" time="-1.608205748578E9">
    <skipped/>
  </testcase> <!-- @AfterMethod tearDown -->
  <testcase classname="MeetingRooms.aaa0003AddNewMeetingRoomTest" name="@AfterMethod tearDown" time="-1.608205748583E9">
    <skipped/>
  </testcase> <!-- @AfterMethod tearDown -->
  <testcase classname="MeetingRooms.aaa0003AddNewMeetingRoomTest" name="@AfterMethod tearDown" time="-1.608205748586E9">
    <skipped/>
  </testcase> <!-- @AfterMethod tearDown -->
  <testcase classname="MeetingRooms.aaa0003AddNewMeetingRoomTest" name="@AfterMethod tearDown" time="-1.60820574859E9">
    <skipped/>
  </testcase> <!-- @AfterMethod tearDown -->
  <testcase classname="MeetingRooms.aaa0003AddNewMeetingRoomTest" name="@AfterMethod tearDown" time="-1.608205748594E9">
    <skipped/>
  </testcase> <!-- @AfterMethod tearDown -->
  <testcase classname="MeetingRooms.aaa0003AddNewMeetingRoomTest" name="@AfterMethod tearDown" time="-1.608205748597E9">
    <skipped/>
  </testcase> <!-- @AfterMethod tearDown -->
  <testcase classname="MeetingRooms.aaa0003AddNewMeetingRoomTest" name="@AfterMethod tearDown" time="-1.608205748602E9">
    <skipped/>
  </testcase> <!-- @AfterMethod tearDown -->
  <testcase classname="MeetingRooms.aaa0003AddNewMeetingRoomTest" name="@AfterMethod tearDown" time="-1.608205748605E9">
    <skipped/>
  </testcase> <!-- @AfterMethod tearDown -->
  <testcase classname="MeetingRooms.aaa0003AddNewMeetingRoomTest" name="@AfterMethod tearDown" time="-1.608205748607E9">
    <skipped/>
  </testcase> <!-- @AfterMethod tearDown -->
  <testcase classname="MeetingRooms.aaa0003AddNewMeetingRoomTest" name="@AfterMethod tearDown" time="-1.608205748611E9">
    <skipped/>
  </testcase> <!-- @AfterMethod tearDown -->
  <testcase classname="MeetingRooms.aaa0003AddNewMeetingRoomTest" name="@AfterMethod tearDown" time="-1.608205748614E9">
    <skipped/>
  </testcase> <!-- @AfterMethod tearDown -->
  <testcase classname="MeetingRooms.aaa0003AddNewMeetingRoomTest" name="@AfterMethod tearDown" time="-1.608205748617E9">
    <skipped/>
  </testcase> <!-- @AfterMethod tearDown -->
  <testcase classname="MeetingRooms.aaa0003AddNewMeetingRoomTest" name="@AfterMethod tearDown" time="-1.608205748621E9">
    <skipped/>
  </testcase> <!-- @AfterMethod tearDown -->
  <testcase classname="MeetingRooms.aaa0003AddNewMeetingRoomTest" name="@AfterMethod tearDown" time="-1.608205748624E9">
    <skipped/>
  </testcase> <!-- @AfterMethod tearDown -->
  <testcase classname="MeetingRooms.aaa0003AddNewMeetingRoomTest" name="@AfterMethod tearDown" time="-1.608205748627E9">
    <skipped/>
  </testcase> <!-- @AfterMethod tearDown -->
  <testcase classname="MeetingRooms.aaa0004HostWebinarRoomConfirmationDialogTest" name="@AfterMethod tearDown" time="-1.608205748631E9">
    <skipped/>
  </testcase> <!-- @AfterMethod tearDown -->
  <testcase classname="MeetingRooms.aaa0004HostWebinarRoomConfirmationDialogTest" name="@AfterMethod tearDown" time="-1.608205748635E9">
    <skipped/>
  </testcase> <!-- @AfterMethod tearDown -->
  <testcase classname="MeetingRooms.aaa0004HostWebinarRoomConfirmationDialogTest" name="@AfterMethod tearDown" time="-1.60820574864E9">
    <skipped/>
  </testcase> <!-- @AfterMethod tearDown -->
  <testcase classname="MeetingRooms.aaa0004HostWebinarRoomConfirmationDialogTest" name="@AfterMethod tearDown" time="-1.608205748643E9">
    <skipped/>
  </testcase> <!-- @AfterMethod tearDown -->
  <testcase classname="MeetingRooms.aaa0004HostWebinarRoomConfirmationDialogTest" name="@AfterMethod tearDown" time="-1.608205748647E9">
    <skipped/>
  </testcase> <!-- @AfterMethod tearDown -->
  <testcase classname="MeetingRooms.aaa0004HostWebinarRoomConfirmationDialogTest" name="@AfterMethod tearDown" time="-1.608205748662E9">
    <skipped/>
  </testcase> <!-- @AfterMethod tearDown -->
  <testcase classname="MeetingRooms.aaa0004HostWebinarRoomConfirmationDialogTest" name="@AfterMethod tearDown" time="-1.608205748666E9">
    <skipped/>
  </testcase> <!-- @AfterMethod tearDown -->
  <testcase classname="MeetingRooms.aaa0004HostWebinarRoomConfirmationDialogTest" name="@AfterMethod tearDown" time="-1.608205748671E9">
    <skipped/>
  </testcase> <!-- @AfterMethod tearDown -->
  <testcase classname="MeetingRooms.aaa0004HostWebinarRoomConfirmationDialogTest" name="@AfterMethod tearDown" time="-1.608205748676E9">
    <skipped/>
  </testcase> <!-- @AfterMethod tearDown -->
  <testcase classname="MeetingRooms.aaa0005HostWebinarRoom_Logo_BroadcastPortlet_ConferenceInfoTestUI" name="@AfterMethod tearDown" time="-1.60820574868E9">
    <skipped/>
  </testcase> <!-- @AfterMethod tearDown -->
  <testcase classname="MeetingRooms.aaa0005HostWebinarRoom_Logo_BroadcastPortlet_ConferenceInfoTestUI" name="@AfterMethod tearDown" time="-1.608205748685E9">
    <skipped/>
  </testcase> <!-- @AfterMethod tearDown -->
  <testcase classname="MeetingRooms.aaa0005HostWebinarRoom_Logo_BroadcastPortlet_ConferenceInfoTestUI" name="@AfterMethod tearDown" time="-1.608205748691E9">
    <skipped/>
  </testcase> <!-- @AfterMethod tearDown -->
  <testcase classname="MeetingRooms.aaa0005HostWebinarRoom_Logo_BroadcastPortlet_ConferenceInfoTestUI" name="@AfterMethod tearDown" time="-1.608205748695E9">
    <skipped/>
  </testcase> <!-- @AfterMethod tearDown -->
  <testcase classname="MeetingRooms.aaa0005HostWebinarRoom_Logo_BroadcastPortlet_ConferenceInfoTestUI" name="@AfterMethod tearDown" time="-1.608205748702E9">
    <skipped/>
  </testcase> <!-- @AfterMethod tearDown -->
  <testcase classname="MeetingRooms.aaa0005HostWebinarRoom_Logo_BroadcastPortlet_ConferenceInfoTestUI" name="@AfterMethod tearDown" time="-1.608205748705E9">
    <skipped/>
  </testcase> <!-- @AfterMethod tearDown -->
  <testcase classname="MeetingRooms.aaa0005HostWebinarRoom_Logo_BroadcastPortlet_ConferenceInfoTestUI" name="@AfterMethod tearDown" time="-1.608205748708E9">
    <skipped/>
  </testcase> <!-- @AfterMethod tearDown -->
  <testcase classname="MeetingRooms.aaa0005HostWebinarRoom_Logo_BroadcastPortlet_ConferenceInfoTestUI" name="@AfterMethod tearDown" time="-1.608205748711E9">
    <skipped/>
  </testcase> <!-- @AfterMethod tearDown -->
  <testcase classname="MeetingRooms.aaa0005HostWebinarRoom_Logo_BroadcastPortlet_ConferenceInfoTestUI" name="@AfterMethod tearDown" time="-1.608205748714E9">
    <skipped/>
  </testcase> <!-- @AfterMethod tearDown -->
  <testcase classname="MeetingRooms.aaa0005HostWebinarRoom_Logo_BroadcastPortlet_ConferenceInfoTestUI" name="@AfterMethod tearDown" time="-1.608205748716E9">
    <skipped/>
  </testcase> <!-- @AfterMethod tearDown -->
  <testcase classname="MeetingRooms.aaa0005HostWebinarRoom_Logo_BroadcastPortlet_ConferenceInfoTestUI" name="@AfterMethod tearDown" time="-1.60820574872E9">
    <skipped/>
  </testcase> <!-- @AfterMethod tearDown -->
  <testcase classname="MeetingRooms.aaa0005HostWebinarRoom_Logo_BroadcastPortlet_ConferenceInfoTestUI" name="@AfterMethod tearDown" time="-1.608205748724E9">
    <skipped/>
  </testcase> <!-- @AfterMethod tearDown -->
  <testcase classname="MeetingRooms.aaa0005HostWebinarRoom_Logo_BroadcastPortlet_ConferenceInfoTestUI" name="@AfterMethod tearDown" time="-1.608205748726E9">
    <skipped/>
  </testcase> <!-- @AfterMethod tearDown -->
  <testcase classname="MeetingRooms.aaa0005HostWebinarRoom_Logo_BroadcastPortlet_ConferenceInfoTestUI" name="@AfterMethod tearDown" time="-1.608205748729E9">
    <skipped/>
  </testcase> <!-- @AfterMethod tearDown -->
  <testcase classname="MeetingRooms.aaa0005HostWebinarRoom_Logo_BroadcastPortlet_ConferenceInfoTestUI" name="@AfterMethod tearDown" time="-1.608205748732E9">
    <skipped/>
  </testcase> <!-- @AfterMethod tearDown -->
  <testcase classname="MeetingRooms.aaa0005HostWebinarRoom_Logo_BroadcastPortlet_ConferenceInfoTestUI" name="@AfterMethod tearDown" time="-1.608205748735E9">
    <skipped/>
  </testcase> <!-- @AfterMethod tearDown -->
  <testcase classname="MeetingRooms.aaa0005HostWebinarRoom_Logo_BroadcastPortlet_ConferenceInfoTestUI" name="@AfterMethod tearDown" time="-1.608205748738E9">
    <skipped/>
  </testcase> <!-- @AfterMethod tearDown -->
  <testcase classname="MeetingRooms.aaa0005HostWebinarRoom_Logo_BroadcastPortlet_ConferenceInfoTestUI" name="@AfterMethod tearDown" time="-1.608205748742E9">
    <skipped/>
  </testcase> <!-- @AfterMethod tearDown -->
  <testcase classname="MeetingRooms.aaa0005HostWebinarRoom_Logo_BroadcastPortlet_ConferenceInfoTestUI" name="@AfterMethod tearDown" time="-1.608205748745E9">
    <skipped/>
  </testcase> <!-- @AfterMethod tearDown -->
  <testcase classname="MeetingRooms.aaa0005HostWebinarRoom_Logo_BroadcastPortlet_ConferenceInfoTestUI" name="@AfterMethod tearDown" time="-1.608205748748E9">
    <skipped/>
  </testcase> <!-- @AfterMethod tearDown -->
  <testcase classname="MeetingRooms.aaa0005HostWebinarRoom_Logo_BroadcastPortlet_ConferenceInfoTestUI" name="@AfterMethod tearDown" time="-1.608205748751E9">
    <skipped/>
  </testcase> <!-- @AfterMethod tearDown -->
  <testcase classname="MeetingRooms.aaa0005HostWebinarRoom_Logo_BroadcastPortlet_ConferenceInfoTestUI" name="@AfterMethod tearDown" time="-1.608205748756E9">
    <skipped/>
  </testcase> <!-- @AfterMethod tearDown -->
  <testcase classname="MeetingRooms.aaa0005HostWebinarRoom_Logo_BroadcastPortlet_ConferenceInfoTestUI" name="@AfterMethod tearDown" time="-1.60820574876E9">
    <skipped/>
  </testcase> <!-- @AfterMethod tearDown -->
  <testcase classname="MeetingRooms.aaa0005HostWebinarRoom_Logo_BroadcastPortlet_ConferenceInfoTestUI" name="@AfterMethod tearDown" time="-1.608205748764E9">
    <skipped/>
  </testcase> <!-- @AfterMethod tearDown -->
  <testcase classname="MeetingRooms.aaa0005HostWebinarRoom_Logo_BroadcastPortlet_ConferenceInfoTestUI" name="@AfterMethod tearDown" time="-1.608205748769E9">
    <skipped/>
  </testcase> <!-- @AfterMethod tearDown -->
  <testcase classname="MeetingRooms.aaa0005HostWebinarRoom_Logo_BroadcastPortlet_ConferenceInfoTestUI" name="@AfterMethod tearDown" time="-1.608205748772E9">
    <skipped/>
  </testcase> <!-- @AfterMethod tearDown -->
  <testcase classname="MeetingRooms.aaa0005HostWebinarRoom_Logo_BroadcastPortlet_ConferenceInfoTestUI" name="@AfterMethod tearDown" time="-1.608205748783E9">
    <skipped/>
  </testcase> <!-- @AfterMethod tearDown -->
  <testcase classname="MeetingRooms.aaa0005HostWebinarRoom_Logo_BroadcastPortlet_ConferenceInfoTestUI" name="@AfterMethod tearDown" time="-1.608205748789E9">
    <skipped/>
  </testcase> <!-- @AfterMethod tearDown -->
  <testcase classname="MeetingRooms.aaa0006HostMeetingRoomToolBodyTestUI" name="@AfterMethod tearDown" time="-1.608205748792E9">
    <skipped/>
  </testcase> <!-- @AfterMethod tearDown -->
  <testcase classname="MeetingRooms.aaa0006HostMeetingRoomToolBodyTestUI" name="@AfterMethod tearDown" time="-1.608205748798E9">
    <skipped/>
  </testcase> <!-- @AfterMethod tearDown -->
  <testcase classname="MeetingRooms.aaa0006HostMeetingRoomToolBodyTestUI" name="@AfterMethod tearDown" time="-1.608205748802E9">
    <skipped/>
  </testcase> <!-- @AfterMethod tearDown -->
  <testcase classname="MeetingRooms.aaa0006HostMeetingRoomToolBodyTestUI" name="@AfterMethod tearDown" time="-1.608205748807E9">
    <skipped/>
  </testcase> <!-- @AfterMethod tearDown -->
  <testcase classname="MeetingRooms.aaa0006HostMeetingRoomToolBodyTestUI" name="@AfterMethod tearDown" time="-1.60820574881E9">
    <skipped/>
  </testcase> <!-- @AfterMethod tearDown -->
  <testcase classname="MeetingRooms.aaa0006HostMeetingRoomToolBodyTestUI" name="@AfterMethod tearDown" time="-1.608205748813E9">
    <skipped/>
  </testcase> <!-- @AfterMethod tearDown -->
  <testcase classname="MeetingRooms.aaa0006HostMeetingRoomToolBodyTestUI" name="@AfterMethod tearDown" time="-1.608205748817E9">
    <skipped/>
  </testcase> <!-- @AfterMethod tearDown -->
  <testcase classname="MeetingRooms.aaa0006HostMeetingRoomToolBodyTestUI" name="@AfterMethod tearDown" time="-1.608205748822E9">
    <skipped/>
  </testcase> <!-- @AfterMethod tearDown -->
  <testcase classname="MeetingRooms.aaa0006HostMeetingRoomToolBodyTestUI" name="@AfterMethod tearDown" time="-1.608205748825E9">
    <skipped/>
  </testcase> <!-- @AfterMethod tearDown -->
  <testcase classname="MeetingRooms.aaa0006HostMeetingRoomToolBodyTestUI" name="@AfterMethod tearDown" time="-1.608205748837E9">
    <skipped/>
  </testcase> <!-- @AfterMethod tearDown -->
  <testcase classname="MeetingRooms.aaa0006HostMeetingRoomToolBodyTestUI" name="@AfterMethod tearDown" time="-1.60820574884E9">
    <skipped/>
  </testcase> <!-- @AfterMethod tearDown -->
  <testcase classname="MeetingRooms.aaa0006HostMeetingRoomToolBodyTestUI" name="@AfterMethod tearDown" time="-1.608205748844E9">
    <skipped/>
  </testcase> <!-- @AfterMethod tearDown -->
  <testcase classname="MeetingRooms.aaa0006HostMeetingRoomToolBodyTestUI" name="@AfterMethod tearDown" time="-1.608205748847E9">
    <skipped/>
  </testcase> <!-- @AfterMethod tearDown -->
  <testcase classname="MeetingRooms.aaa0006HostMeetingRoomToolBodyTestUI" name="@AfterMethod tearDown" time="-1.60820574885E9">
    <skipped/>
  </testcase> <!-- @AfterMethod tearDown -->
  <testcase classname="MeetingRooms.aaa0006HostMeetingRoomToolBodyTestUI" name="@AfterMethod tearDown" time="-1.608205748853E9">
    <skipped/>
  </testcase> <!-- @AfterMethod tearDown -->
  <testcase classname="MeetingRooms.aaa0006HostMeetingRoomToolBodyTestUI" name="@AfterMethod tearDown" time="-1.608205748856E9">
    <skipped/>
  </testcase> <!-- @AfterMethod tearDown -->
  <testcase classname="MeetingRooms.aaa0006HostMeetingRoomToolBodyTestUI" name="@AfterMethod tearDown" time="-1.608205748866E9">
    <skipped/>
  </testcase> <!-- @AfterMethod tearDown -->
  <testcase classname="MeetingRooms.aaa0006HostMeetingRoomToolBodyTestUI" name="@AfterMethod tearDown" time="-1.60820574887E9">
    <skipped/>
  </testcase> <!-- @AfterMethod tearDown -->
  <testcase classname="MeetingRooms.aaa0006HostMeetingRoomToolBodyTestUI" name="@AfterMethod tearDown" time="-1.608205748874E9">
    <skipped/>
  </testcase> <!-- @AfterMethod tearDown -->
  <testcase classname="MeetingRooms.aaa0006HostMeetingRoomToolBodyTestUI" name="@AfterMethod tearDown" time="-1.608205748878E9">
    <skipped/>
  </testcase> <!-- @AfterMethod tearDown -->
  <testcase classname="MeetingRooms.aaa0006HostMeetingRoomToolBodyTestUI" name="@AfterMethod tearDown" time="-1.608205748882E9">
    <skipped/>
  </testcase> <!-- @AfterMethod tearDown -->
  <testcase classname="MeetingRooms.aaa0006HostMeetingRoomToolBodyTestUI" name="@AfterMethod tearDown" time="-1.608205748887E9">
    <skipped/>
  </testcase> <!-- @AfterMethod tearDown -->
  <testcase classname="MeetingRooms.aaa0006HostMeetingRoomToolBodyTestUI" name="@AfterMethod tearDown" time="-1.608205748916E9">
    <skipped/>
  </testcase> <!-- @AfterMethod tearDown -->
  <testcase classname="MeetingRooms.aaa0006HostMeetingRoomToolBodyTestUI" name="@AfterMethod tearDown" time="-1.608205748921E9">
    <skipped/>
  </testcase> <!-- @AfterMethod tearDown -->
  <testcase classname="MeetingRooms.aaa0006HostMeetingRoomToolBodyTestUI" name="@AfterMethod tearDown" time="-1.608205748925E9">
    <skipped/>
  </testcase> <!-- @AfterMethod tearDown -->
  <testcase classname="MeetingRooms.aaa0006HostMeetingRoomToolBodyTestUI" name="@AfterMethod tearDown" time="-1.60820574893E9">
    <skipped/>
  </testcase> <!-- @AfterMethod tearDown -->
  <testcase classname="MeetingRooms.aaa0006HostMeetingRoomToolBodyTestUI" name="@AfterMethod tearDown" time="-1.608205748933E9">
    <skipped/>
  </testcase> <!-- @AfterMethod tearDown -->
  <testcase classname="MeetingRooms.aaa0006HostMeetingRoomToolBodyTestUI" name="@AfterMethod tearDown" time="-1.608205748941E9">
    <skipped/>
  </testcase> <!-- @AfterMethod tearDown -->
  <testcase classname="MeetingRooms.aaa0006HostMeetingRoomToolBodyTestUI" name="@AfterMethod tearDown" time="-1.608205748945E9">
    <skipped/>
  </testcase> <!-- @AfterMethod tearDown -->
  <testcase classname="MeetingRooms.aaa0006HostMeetingRoomToolBodyTestUI" name="@AfterMethod tearDown" time="-1.608205748952E9">
    <skipped/>
  </testcase> <!-- @AfterMethod tearDown -->
  <testcase classname="MeetingRooms.aaa0006HostMeetingRoomToolBodyTestUI" name="@AfterMethod tearDown" time="-1.608205748997E9">
    <skipped/>
  </testcase> <!-- @AfterMethod tearDown -->
  <testcase classname="MeetingRooms.aaa0006HostMeetingRoomToolBodyTestUI" name="@AfterMethod tearDown" time="-1.608205749002E9">
    <skipped/>
  </testcase> <!-- @AfterMethod tearDown -->
  <testcase classname="MeetingRooms.aaa0006HostMeetingRoomToolBodyTestUI" name="@AfterMethod tearDown" time="-1.608205749009E9">
    <skipped/>
  </testcase> <!-- @AfterMethod tearDown -->
  <testcase classname="MeetingRooms.aaa0006HostMeetingRoomToolBodyTestUI" name="@AfterMethod tearDown" time="-1.608205749013E9">
    <skipped/>
  </testcase> <!-- @AfterMethod tearDown -->
  <testcase classname="MeetingRooms.aaa0006HostMeetingRoomToolBodyTestUI" name="@AfterMethod tearDown" time="-1.608205749017E9">
    <skipped/>
  </testcase> <!-- @AfterMethod tearDown -->
  <testcase classname="MeetingRooms.aaa0006HostMeetingRoomToolBodyTestUI" name="@AfterMethod tearDown" time="-1.608205749022E9">
    <skipped/>
  </testcase> <!-- @AfterMethod tearDown -->
  <testcase classname="MeetingRooms.aaa0006HostMeetingRoomToolBodyTestUI" name="@AfterMethod tearDown" time="-1.608205749026E9">
    <skipped/>
  </testcase> <!-- @AfterMethod tearDown -->
  <testcase classname="MeetingRooms.aaa0006HostMeetingRoomToolBodyTestUI" name="@AfterMethod tearDown" time="-1.608205749066E9">
    <skipped/>
  </testcase> <!-- @AfterMethod tearDown -->
  <testcase classname="MeetingRooms.aaa0006HostMeetingRoomToolBodyTestUI" name="@AfterMethod tearDown" time="-1.608205749077E9">
    <skipped/>
  </testcase> <!-- @AfterMethod tearDown -->
  <testcase classname="MeetingRooms.aaa0006HostMeetingRoomToolBodyTestUI" name="@AfterMethod tearDown" time="-1.608205749088E9">
    <skipped/>
  </testcase> <!-- @AfterMethod tearDown -->
  <testcase classname="MeetingRooms.aaa0006HostMeetingRoomToolBodyTestUI" name="@AfterMethod tearDown" time="-1.608205749095E9">
    <skipped/>
  </testcase> <!-- @AfterMethod tearDown -->
  <testcase classname="MeetingRooms.aaa0006HostMeetingRoomToolBodyTestUI" name="@AfterMethod tearDown" time="-1.608205749105E9">
    <skipped/>
  </testcase> <!-- @AfterMethod tearDown -->
  <testcase classname="MeetingRooms.aaa0006HostMeetingRoomToolBodyTestUI" name="@AfterMethod tearDown" time="-1.608205749109E9">
    <skipped/>
  </testcase> <!-- @AfterMethod tearDown -->
  <testcase classname="MeetingRooms.aaa0006HostMeetingRoomToolBodyTestUI" name="@AfterMethod tearDown" time="-1.608205749113E9">
    <skipped/>
  </testcase> <!-- @AfterMethod tearDown -->
  <testcase classname="MeetingRooms.aaa0006HostMeetingRoomToolBodyTestUI" name="@AfterMethod tearDown" time="-1.608205749118E9">
    <skipped/>
  </testcase> <!-- @AfterMethod tearDown -->
  <testcase classname="MeetingRooms.aaa0006HostMeetingRoomToolBodyTestUI" name="@AfterMethod tearDown" time="-1.608205749129E9">
    <skipped/>
  </testcase> <!-- @AfterMethod tearDown -->
  <testcase classname="MeetingRooms.aaa0006HostMeetingRoomToolBodyTestUI" name="@AfterMethod tearDown" time="-1.608205749137E9">
    <skipped/>
  </testcase> <!-- @AfterMethod tearDown -->
  <testcase classname="MeetingRooms.aaa0006HostMeetingRoomToolBodyTestUI" name="@AfterMethod tearDown" time="-1.608205749144E9">
    <skipped/>
  </testcase> <!-- @AfterMethod tearDown -->
  <testcase classname="MeetingRooms.aaa0006HostMeetingRoomToolBodyTestUI" name="@AfterMethod tearDown" time="-1.608205749152E9">
    <skipped/>
  </testcase> <!-- @AfterMethod tearDown -->
  <testcase classname="MeetingRooms.aaa0006HostMeetingRoomToolBodyTestUI" name="@AfterMethod tearDown" time="-1.608205749155E9">
    <skipped/>
  </testcase> <!-- @AfterMethod tearDown -->
  <testcase classname="MeetingRooms.aaa0006HostMeetingRoomToolBodyTestUI" name="@AfterMethod tearDown" time="-1.60820574916E9">
    <skipped/>
  </testcase> <!-- @AfterMethod tearDown -->
  <testcase classname="MeetingRooms.aaa0006HostMeetingRoomToolBodyTestUI" name="@AfterMethod tearDown" time="-1.608205749165E9">
    <skipped/>
  </testcase> <!-- @AfterMethod tearDown -->
  <testcase classname="MeetingRooms.aaa0006HostMeetingRoomToolBodyTestUI" name="@AfterMethod tearDown" time="-1.608205749169E9">
    <skipped/>
  </testcase> <!-- @AfterMethod tearDown -->
  <testcase classname="MeetingRooms.aaa0006HostMeetingRoomToolBodyTestUI" name="@AfterMethod tearDown" time="-1.608205749173E9">
    <skipped/>
  </testcase> <!-- @AfterMethod tearDown -->
  <testcase classname="MeetingRooms.aaa0006HostMeetingRoomToolBodyTestUI" name="@AfterMethod tearDown" time="-1.608205749181E9">
    <skipped/>
  </testcase> <!-- @AfterMethod tearDown -->
  <testcase classname="MeetingRooms.aaa0006HostMeetingRoomToolBodyTestUI" name="@AfterMethod tearDown" time="-1.608205749186E9">
    <skipped/>
  </testcase> <!-- @AfterMethod tearDown -->
  <testcase classname="MeetingRooms.aaa0006HostMeetingRoomToolBodyTestUI" name="@AfterMethod tearDown" time="-1.608205749195E9">
    <skipped/>
  </testcase> <!-- @AfterMethod tearDown -->
  <testcase classname="MeetingRooms.aaa0006HostMeetingRoomToolBodyTestUI" name="@AfterMethod tearDown" time="-1.608205749201E9">
    <skipped/>
  </testcase> <!-- @AfterMethod tearDown -->
  <testcase classname="MeetingRooms.aaa0006HostMeetingRoomToolBodyTestUI" name="@AfterMethod tearDown" time="-1.608205749205E9">
    <skipped/>
  </testcase> <!-- @AfterMethod tearDown -->
  <testcase classname="MeetingRooms.aaa0006HostMeetingRoomToolBodyTestUI" name="@AfterMethod tearDown" time="-1.60820574921E9">
    <skipped/>
  </testcase> <!-- @AfterMethod tearDown -->
  <testcase classname="MeetingRooms.aaa0006HostMeetingRoomToolBodyTestUI" name="@AfterMethod tearDown" time="-1.608205749212E9">
    <skipped/>
  </testcase> <!-- @AfterMethod tearDown -->
  <testcase classname="MeetingRooms.aaa0006HostMeetingRoomToolBodyTestUI" name="@AfterMethod tearDown" time="-1.608205749216E9">
    <skipped/>
  </testcase> <!-- @AfterMethod tearDown -->
  <testcase classname="MeetingRooms.aaa0006HostMeetingRoomToolBodyTestUI" name="@AfterMethod tearDown" time="-1.60820574922E9">
    <skipped/>
  </testcase> <!-- @AfterMethod tearDown -->
  <testcase classname="MeetingRooms.aaa0006HostMeetingRoomToolBodyTestUI" name="@AfterMethod tearDown" time="-1.608205749224E9">
    <skipped/>
  </testcase> <!-- @AfterMethod tearDown -->
  <testcase classname="MeetingRooms.aaa0006HostMeetingRoomToolBodyTestUI" name="@AfterMethod tearDown" time="-1.608205749228E9">
    <skipped/>
  </testcase> <!-- @AfterMethod tearDown -->
  <testcase classname="MeetingRooms.aaa0006HostMeetingRoomToolBodyTestUI" name="@AfterMethod tearDown" time="-1.608205749233E9">
    <skipped/>
  </testcase> <!-- @AfterMethod tearDown -->
  <testcase classname="MeetingRooms.aaa0006HostMeetingRoomToolBodyTestUI" name="@AfterMethod tearDown" time="-1.608205749236E9">
    <skipped/>
  </testcase> <!-- @AfterMethod tearDown -->
  <testcase classname="MeetingRooms.aaa0006HostMeetingRoomToolBodyTestUI" name="@AfterMethod tearDown" time="-1.608205749239E9">
    <skipped/>
  </testcase> <!-- @AfterMethod tearDown -->
  <testcase classname="MeetingRooms.aaa0006HostMeetingRoomToolBodyTestUI" name="@AfterMethod tearDown" time="-1.608205749242E9">
    <skipped/>
  </testcase> <!-- @AfterMethod tearDown -->
  <testcase classname="MeetingRooms.aaa0006HostMeetingRoomToolBodyTestUI" name="@AfterMethod tearDown" time="-1.608205749244E9">
    <skipped/>
  </testcase> <!-- @AfterMethod tearDown -->
  <testcase classname="MeetingRooms.aaa0006HostMeetingRoomToolBodyTestUI" name="@AfterMethod tearDown" time="-1.608205749246E9">
    <skipped/>
  </testcase> <!-- @AfterMethod tearDown -->
  <testcase classname="MeetingRooms.aaa0006HostMeetingRoomToolBodyTestUI" name="@AfterMethod tearDown" time="-1.60820574925E9">
    <skipped/>
  </testcase> <!-- @AfterMethod tearDown -->
  <testcase classname="MeetingRooms.aaa0006HostMeetingRoomToolBodyTestUI" name="@AfterMethod tearDown" time="-1.608205749252E9">
    <skipped/>
  </testcase> <!-- @AfterMethod tearDown -->
  <testcase classname="MeetingRooms.aaa0006HostMeetingRoomToolBodyTestUI" name="@AfterMethod tearDown" time="-1.608205749255E9">
    <skipped/>
  </testcase> <!-- @AfterMethod tearDown -->
  <testcase classname="MeetingRooms.aaa0006HostMeetingRoomToolBodyTestUI" name="@AfterMethod tearDown" time="-1.608205749258E9">
    <skipped/>
  </testcase> <!-- @AfterMethod tearDown -->
  <testcase classname="MeetingRooms.aaa0006HostMeetingRoomToolBodyTestUI" name="@AfterMethod tearDown" time="-1.608205749261E9">
    <skipped/>
  </testcase> <!-- @AfterMethod tearDown -->
  <testcase classname="MeetingRooms.aaa0006HostMeetingRoomToolBodyTestUI" name="@AfterMethod tearDown" time="-1.608205749263E9">
    <skipped/>
  </testcase> <!-- @AfterMethod tearDown -->
  <testcase classname="MeetingRooms.aaa0006HostMeetingRoomToolBodyTestUI" name="@AfterMethod tearDown" time="-1.608205749267E9">
    <skipped/>
  </testcase> <!-- @AfterMethod tearDown -->
  <testcase classname="MeetingRooms.aaa0006HostMeetingRoomToolBodyTestUI" name="@AfterMethod tearDown" time="-1.60820574927E9">
    <skipped/>
  </testcase> <!-- @AfterMethod tearDown -->
  <testcase classname="MeetingRooms.aaa0006HostMeetingRoomToolBodyTestUI" name="@AfterMethod tearDown" time="-1.608205749273E9">
    <skipped/>
  </testcase> <!-- @AfterMethod tearDown -->
  <testcase classname="MeetingRooms.aaa0006HostMeetingRoomToolBodyTestUI" name="@AfterMethod tearDown" time="-1.608205749275E9">
    <skipped/>
  </testcase> <!-- @AfterMethod tearDown -->
  <testcase classname="MeetingRooms.aaa0006HostMeetingRoomToolBodyTestUI" name="@AfterMethod tearDown" time="-1.608205749279E9">
    <skipped/>
  </testcase> <!-- @AfterMethod tearDown -->
  <testcase classname="MeetingRooms.aaa0006HostMeetingRoomToolBodyTestUI" name="@AfterMethod tearDown" time="-1.608205749283E9">
    <skipped/>
  </testcase> <!-- @AfterMethod tearDown -->
  <testcase classname="MeetingRooms.aaa0006HostMeetingRoomToolBodyTestUI" name="@AfterMethod tearDown" time="-1.608205749286E9">
    <skipped/>
  </testcase> <!-- @AfterMethod tearDown -->
  <testcase classname="MeetingRooms.aaa0006HostMeetingRoomToolBodyTestUI" name="@AfterMethod tearDown" time="-1.608205749291E9">
    <skipped/>
  </testcase> <!-- @AfterMethod tearDown -->
  <testcase classname="MeetingRooms.aaa0006HostMeetingRoomToolBodyTestUI" name="@AfterMethod tearDown" time="-1.608205749295E9">
    <skipped/>
  </testcase> <!-- @AfterMethod tearDown -->
  <testcase classname="MeetingRooms.aaa0006HostMeetingRoomToolBodyTestUI" name="@AfterMethod tearDown" time="-1.608205749298E9">
    <skipped/>
  </testcase> <!-- @AfterMethod tearDown -->
  <testcase classname="MeetingRooms.aaa0006HostMeetingRoomToolBodyTestUI" name="@AfterMethod tearDown" time="-1.608205749301E9">
    <skipped/>
  </testcase> <!-- @AfterMethod tearDown -->
  <testcase classname="MeetingRooms.aaa0006HostMeetingRoomToolBodyTestUI" name="@AfterMethod tearDown" time="-1.608205749304E9">
    <skipped/>
  </testcase> <!-- @AfterMethod tearDown -->
  <testcase classname="MeetingRooms.aaa0006HostMeetingRoomToolBodyTestUI" name="@AfterMethod tearDown" time="-1.608205749306E9">
    <skipped/>
  </testcase> <!-- @AfterMethod tearDown -->
  <testcase classname="MeetingRooms.aaa0006HostMeetingRoomToolBodyTestUI" name="@AfterMethod tearDown" time="-1.608205749309E9">
    <skipped/>
  </testcase> <!-- @AfterMethod tearDown -->
  <testcase classname="MeetingRooms.aaa0006HostMeetingRoomToolBodyTestUI" name="@AfterMethod tearDown" time="-1.608205749312E9">
    <skipped/>
  </testcase> <!-- @AfterMethod tearDown -->
  <testcase classname="MeetingRooms.aaa0006HostMeetingRoomToolBodyTestUI" name="@AfterMethod tearDown" time="-1.608205749314E9">
    <skipped/>
  </testcase> <!-- @AfterMethod tearDown -->
  <testcase classname="MeetingRooms.aaa0006HostMeetingRoomToolBodyTestUI" name="@AfterMethod tearDown" time="-1.608205749317E9">
    <skipped/>
  </testcase> <!-- @AfterMethod tearDown -->
  <testcase classname="MeetingRooms.aaa0006HostMeetingRoomToolBodyTestUI" name="@AfterMethod tearDown" time="-1.60820574932E9">
    <skipped/>
  </testcase> <!-- @AfterMethod tearDown -->
  <testcase classname="MeetingRooms.aaa0006HostMeetingRoomToolBodyTestUI" name="@AfterMethod tearDown" time="-1.608205749323E9">
    <skipped/>
  </testcase> <!-- @AfterMethod tearDown -->
  <testcase classname="MeetingRooms.aaa0006HostMeetingRoomToolBodyTestUI" name="@AfterMethod tearDown" time="-1.608205749325E9">
    <skipped/>
  </testcase> <!-- @AfterMethod tearDown -->
  <testcase classname="MeetingRooms.aaa0006HostMeetingRoomToolBodyTestUI" name="@AfterMethod tearDown" time="-1.608205749328E9">
    <skipped/>
  </testcase> <!-- @AfterMethod tearDown -->
  <testcase classname="MeetingRooms.aaa0006HostMeetingRoomToolBodyTestUI" name="@AfterMethod tearDown" time="-1.60820574933E9">
    <skipped/>
  </testcase> <!-- @AfterMethod tearDown -->
  <testcase classname="MeetingRooms.aaa0006HostMeetingRoomToolBodyTestUI" name="@AfterMethod tearDown" time="-1.608205749333E9">
    <skipped/>
  </testcase> <!-- @AfterMethod tearDown -->
  <testcase classname="MeetingRooms.aaa0006HostMeetingRoomToolBodyTestUI" name="@AfterMethod tearDown" time="-1.608205749336E9">
    <skipped/>
  </testcase> <!-- @AfterMethod tearDown -->
  <testcase classname="MeetingRooms.aaa0006HostMeetingRoomToolBodyTestUI" name="@AfterMethod tearDown" time="-1.608205749338E9">
    <skipped/>
  </testcase> <!-- @AfterMethod tearDown -->
  <testcase classname="MeetingRooms.aaa0006HostMeetingRoomToolBodyTestUI" name="@AfterMethod tearDown" time="-1.608205749341E9">
    <skipped/>
  </testcase> <!-- @AfterMethod tearDown -->
  <testcase classname="MeetingRooms.aaa0006HostMeetingRoomToolBodyTestUI" name="@AfterMethod tearDown" time="-1.608205749343E9">
    <skipped/>
  </testcase> <!-- @AfterMethod tearDown -->
  <testcase classname="MeetingRooms.aaa0006HostMeetingRoomToolBodyTestUI" name="@AfterMethod tearDown" time="-1.608205749345E9">
    <skipped/>
  </testcase> <!-- @AfterMethod tearDown -->
  <testcase classname="MeetingRooms.aaa0006HostMeetingRoomToolBodyTestUI" name="@AfterMethod tearDown" time="-1.608205749348E9">
    <skipped/>
  </testcase> <!-- @AfterMethod tearDown -->
  <testcase classname="MeetingRooms.aaa0006HostMeetingRoomToolBodyTestUI" name="@AfterMethod tearDown" time="-1.60820574935E9">
    <skipped/>
  </testcase> <!-- @AfterMethod tearDown -->
  <testcase classname="MeetingRooms.aaa0006HostMeetingRoomToolBodyTestUI" name="@AfterMethod tearDown" time="-1.608205749353E9">
    <skipped/>
  </testcase> <!-- @AfterMethod tearDown -->
  <testcase classname="MeetingRooms.aaa0006HostMeetingRoomToolBodyTestUI" name="@AfterMethod tearDown" time="-1.608205749355E9">
    <skipped/>
  </testcase> <!-- @AfterMethod tearDown -->
  <testcase classname="MeetingRooms.aaa0006HostMeetingRoomToolBodyTestUI" name="@AfterMethod tearDown" time="-1.608205749357E9">
    <skipped/>
  </testcase> <!-- @AfterMethod tearDown -->
  <testcase classname="MeetingRooms.aaa0006HostMeetingRoomToolBodyTestUI" name="@AfterMethod tearDown" time="-1.608205749361E9">
    <skipped/>
  </testcase> <!-- @AfterMethod tearDown -->
  <testcase classname="MeetingRooms.aaa0006HostMeetingRoomToolBodyTestUI" name="@AfterMethod tearDown" time="-1.608205749364E9">
    <skipped/>
  </testcase> <!-- @AfterMethod tearDown -->
  <testcase classname="MeetingRooms.aaa0006HostMeetingRoomToolBodyTestUI" name="@AfterMethod tearDown" time="-1.608205749366E9">
    <skipped/>
  </testcase> <!-- @AfterMethod tearDown -->
  <testcase classname="MeetingRooms.aaa0006HostMeetingRoomToolBodyTestUI" name="@AfterMethod tearDown" time="-1.608205749369E9">
    <skipped/>
  </testcase> <!-- @AfterMethod tearDown -->
  <testcase classname="MeetingRooms.aaa0006HostMeetingRoomToolBodyTestUI" name="@AfterMethod tearDown" time="-1.608205749372E9">
    <skipped/>
  </testcase> <!-- @AfterMethod tearDown -->
  <testcase classname="MeetingRooms.aaa0006HostMeetingRoomToolBodyTestUI" name="@AfterMethod tearDown" time="-1.608205749374E9">
    <skipped/>
  </testcase> <!-- @AfterMethod tearDown -->
  <testcase classname="MeetingRooms.aaa0006HostMeetingRoomToolBodyTestUI" name="@AfterMethod tearDown" time="-1.608205749377E9">
    <skipped/>
  </testcase> <!-- @AfterMethod tearDown -->
  <testcase classname="MeetingRooms.aaa0006HostMeetingRoomToolBodyTestUI" name="@AfterMethod tearDown" time="-1.60820574938E9">
    <skipped/>
  </testcase> <!-- @AfterMethod tearDown -->
  <testcase classname="MeetingRooms.aaa0006HostMeetingRoomToolBodyTestUI" name="@AfterMethod tearDown" time="-1.608205749383E9">
    <skipped/>
  </testcase> <!-- @AfterMethod tearDown -->
  <testcase classname="MeetingRooms.aaa0006HostMeetingRoomToolBodyTestUI" name="@AfterMethod tearDown" time="-1.608205749385E9">
    <skipped/>
  </testcase> <!-- @AfterMethod tearDown -->
  <testcase classname="MeetingRooms.aaa0006HostMeetingRoomToolBodyTestUI" name="@AfterMethod tearDown" time="-1.608205749387E9">
    <skipped/>
  </testcase> <!-- @AfterMethod tearDown -->
  <testcase classname="MeetingRooms.aaa0006HostMeetingRoomToolBodyTestUI" name="@AfterMethod tearDown" time="-1.60820574939E9">
    <skipped/>
  </testcase> <!-- @AfterMethod tearDown -->
  <testcase classname="MeetingRooms.aaa0006HostMeetingRoomToolBodyTestUI" name="@AfterMethod tearDown" time="-1.608205749392E9">
    <skipped/>
  </testcase> <!-- @AfterMethod tearDown -->
  <testcase classname="MeetingRooms.aaa0006HostMeetingRoomToolBodyTestUI" name="@AfterMethod tearDown" time="-1.608205749394E9">
    <skipped/>
  </testcase> <!-- @AfterMethod tearDown -->
  <testcase classname="MeetingRooms.aaa0006HostMeetingRoomToolBodyTestUI" name="@AfterMethod tearDown" time="-1.608205749398E9">
    <skipped/>
  </testcase> <!-- @AfterMethod tearDown -->
  <testcase classname="MeetingRooms.aaa0006HostMeetingRoomToolBodyTestUI" name="@AfterMethod tearDown" time="-1.608205749401E9">
    <skipped/>
  </testcase> <!-- @AfterMethod tearDown -->
  <testcase classname="MeetingRooms.aaa0006HostMeetingRoomToolBodyTestUI" name="@AfterMethod tearDown" time="-1.608205749403E9">
    <skipped/>
  </testcase> <!-- @AfterMethod tearDown -->
  <testcase classname="MeetingRooms.aaa0006HostMeetingRoomToolBodyTestUI" name="@AfterMethod tearDown" time="-1.608205749406E9">
    <skipped/>
  </testcase> <!-- @AfterMethod tearDown -->
  <testcase classname="MeetingRooms.aaa0006HostMeetingRoomToolBodyTestUI" name="@AfterMethod tearDown" time="-1.608205749409E9">
    <skipped/>
  </testcase> <!-- @AfterMethod tearDown -->
  <testcase classname="MeetingRooms.aaa0007HostWebinarRoomCurrentAttendeeslist_AND_GlobalChatTestUI" name="@AfterMethod tearDown" time="-1.608205749412E9">
    <skipped/>
  </testcase> <!-- @AfterMethod tearDown -->
  <testcase classname="MeetingRooms.aaa0007HostWebinarRoomCurrentAttendeeslist_AND_GlobalChatTestUI" name="@AfterMethod tearDown" time="-1.608205749414E9">
    <skipped/>
  </testcase> <!-- @AfterMethod tearDown -->
  <testcase classname="MeetingRooms.aaa0007HostWebinarRoomCurrentAttendeeslist_AND_GlobalChatTestUI" name="@AfterMethod tearDown" time="-1.608205749417E9">
    <skipped/>
  </testcase> <!-- @AfterMethod tearDown -->
  <testcase classname="MeetingRooms.aaa0007HostWebinarRoomCurrentAttendeeslist_AND_GlobalChatTestUI" name="@AfterMethod tearDown" time="-1.60820574942E9">
    <skipped/>
  </testcase> <!-- @AfterMethod tearDown -->
  <testcase classname="MeetingRooms.aaa0007HostWebinarRoomCurrentAttendeeslist_AND_GlobalChatTestUI" name="@AfterMethod tearDown" time="-1.608205749422E9">
    <skipped/>
  </testcase> <!-- @AfterMethod tearDown -->
  <testcase classname="MeetingRooms.aaa0007HostWebinarRoomCurrentAttendeeslist_AND_GlobalChatTestUI" name="@AfterMethod tearDown" time="-1.608205749426E9">
    <skipped/>
  </testcase> <!-- @AfterMethod tearDown -->
  <testcase classname="MeetingRooms.aaa0007HostWebinarRoomCurrentAttendeeslist_AND_GlobalChatTestUI" name="@AfterMethod tearDown" time="-1.608205749428E9">
    <skipped/>
  </testcase> <!-- @AfterMethod tearDown -->
  <testcase classname="MeetingRooms.aaa0007HostWebinarRoomCurrentAttendeeslist_AND_GlobalChatTestUI" name="@AfterMethod tearDown" time="-1.608205749432E9">
    <skipped/>
  </testcase> <!-- @AfterMethod tearDown -->
  <testcase classname="MeetingRooms.aaa0007HostWebinarRoomCurrentAttendeeslist_AND_GlobalChatTestUI" name="@AfterMethod tearDown" time="-1.608205749435E9">
    <skipped/>
  </testcase> <!-- @AfterMethod tearDown -->
  <testcase classname="MeetingRooms.aaa0007HostWebinarRoomCurrentAttendeeslist_AND_GlobalChatTestUI" name="@AfterMethod tearDown" time="-1.608205749437E9">
    <skipped/>
  </testcase> <!-- @AfterMethod tearDown -->
  <testcase classname="MeetingRooms.aaa0007HostWebinarRoomCurrentAttendeeslist_AND_GlobalChatTestUI" name="@AfterMethod tearDown" time="-1.60820574944E9">
    <skipped/>
  </testcase> <!-- @AfterMethod tearDown -->
  <testcase classname="MeetingRooms.aaa0007HostWebinarRoomCurrentAttendeeslist_AND_GlobalChatTestUI" name="@AfterMethod tearDown" time="-1.608205749443E9">
    <skipped/>
  </testcase> <!-- @AfterMethod tearDown -->
  <testcase classname="MeetingRooms.aaa0007HostWebinarRoomCurrentAttendeeslist_AND_GlobalChatTestUI" name="@AfterMethod tearDown" time="-1.608205749446E9">
    <skipped/>
  </testcase> <!-- @AfterMethod tearDown -->
  <testcase classname="MeetingRooms.aaa0007HostWebinarRoomCurrentAttendeeslist_AND_GlobalChatTestUI" name="@AfterMethod tearDown" time="-1.608205749452E9">
    <skipped/>
  </testcase> <!-- @AfterMethod tearDown -->
  <testcase classname="MeetingRooms.aaa0007HostWebinarRoomCurrentAttendeeslist_AND_GlobalChatTestUI" name="@AfterMethod tearDown" time="-1.608205749455E9">
    <skipped/>
  </testcase> <!-- @AfterMethod tearDown -->
  <testcase classname="MeetingRooms.aaa0007HostWebinarRoomCurrentAttendeeslist_AND_GlobalChatTestUI" name="@AfterMethod tearDown" time="-1.608205749458E9">
    <skipped/>
  </testcase> <!-- @AfterMethod tearDown -->
  <testcase classname="MeetingRooms.aaa0007HostWebinarRoomCurrentAttendeeslist_AND_GlobalChatTestUI" name="@AfterMethod tearDown" time="-1.608205749463E9">
    <skipped/>
  </testcase> <!-- @AfterMethod tearDown -->
  <testcase classname="MeetingRooms.aaa0007HostWebinarRoomCurrentAttendeeslist_AND_GlobalChatTestUI" name="@AfterMethod tearDown" time="-1.608205749466E9">
    <skipped/>
  </testcase> <!-- @AfterMethod tearDown -->
  <testcase classname="MeetingRooms.aaa0007HostWebinarRoomCurrentAttendeeslist_AND_GlobalChatTestUI" name="@AfterMethod tearDown" time="-1.608205749469E9">
    <skipped/>
  </testcase> <!-- @AfterMethod tearDown -->
  <testcase classname="MeetingRooms.aaa0007HostWebinarRoomCurrentAttendeeslist_AND_GlobalChatTestUI" name="@AfterMethod tearDown" time="-1.608205749472E9">
    <skipped/>
  </testcase> <!-- @AfterMethod tearDown -->
  <testcase classname="MeetingRooms.aaa0007HostWebinarRoomCurrentAttendeeslist_AND_GlobalChatTestUI" name="@AfterMethod tearDown" time="-1.608205749475E9">
    <skipped/>
  </testcase> <!-- @AfterMethod tearDown -->
  <testcase classname="MeetingRooms.aaa0007HostWebinarRoomCurrentAttendeeslist_AND_GlobalChatTestUI" name="@AfterMethod tearDown" time="-1.608205749477E9">
    <skipped/>
  </testcase> <!-- @AfterMethod tearDown -->
  <testcase classname="MeetingRooms.aaa0007HostWebinarRoomCurrentAttendeeslist_AND_GlobalChatTestUI" name="@AfterMethod tearDown" time="-1.60820574948E9">
    <skipped/>
  </testcase> <!-- @AfterMethod tearDown -->
  <testcase classname="MeetingRooms.aaa0007HostWebinarRoomCurrentAttendeeslist_AND_GlobalChatTestUI" name="@AfterMethod tearDown" time="-1.608205749483E9">
    <skipped/>
  </testcase> <!-- @AfterMethod tearDown -->
  <testcase classname="MeetingRooms.aaa0007HostWebinarRoomCurrentAttendeeslist_AND_GlobalChatTestUI" name="@AfterMethod tearDown" time="-1.608205749488E9">
    <skipped/>
  </testcase> <!-- @AfterMethod tearDown -->
  <testcase classname="MeetingRooms.aaa0007HostWebinarRoomCurrentAttendeeslist_AND_GlobalChatTestUI" name="@AfterMethod tearDown" time="-1.608205749492E9">
    <skipped/>
  </testcase> <!-- @AfterMethod tearDown -->
  <testcase classname="MeetingRooms.aaa0007HostWebinarRoomCurrentAttendeeslist_AND_GlobalChatTestUI" name="@AfterMethod tearDown" time="-1.608205749496E9">
    <skipped/>
  </testcase> <!-- @AfterMethod tearDown -->
  <testcase classname="MeetingRooms.aaa0007HostWebinarRoomCurrentAttendeeslist_AND_GlobalChatTestUI" name="@AfterMethod tearDown" time="-1.6082057495E9">
    <skipped/>
  </testcase> <!-- @AfterMethod tearDown -->
  <testcase classname="MeetingRooms.aaa0007HostWebinarRoomCurrentAttendeeslist_AND_GlobalChatTestUI" name="@AfterMethod tearDown" time="-1.608205749504E9">
    <skipped/>
  </testcase> <!-- @AfterMethod tearDown -->
  <testcase classname="MeetingRooms.aaa0007HostWebinarRoomCurrentAttendeeslist_AND_GlobalChatTestUI" name="@AfterMethod tearDown" time="-1.608205749506E9">
    <skipped/>
  </testcase> <!-- @AfterMethod tearDown -->
  <testcase classname="MeetingRooms.aaa0007HostWebinarRoomCurrentAttendeeslist_AND_GlobalChatTestUI" name="@AfterMethod tearDown" time="-1.608205749509E9">
    <skipped/>
  </testcase> <!-- @AfterMethod tearDown -->
  <testcase classname="MeetingRooms.aaa0001meetingRoomsUITest" name="@AfterTest aftertest" time="-1.60820574951E9">
    <skipped/>
  </testcase> <!-- @AfterTest aftertest -->
  <testcase classname="MeetingRooms.aaa0002StartMeetingRoomConfirmationDialogTest" name="@AfterTest aftertest" time="-1.608205749511E9">
    <skipped/>
  </testcase> <!-- @AfterTest aftertest -->
  <testcase classname="MeetingRooms.aaa0003AddNewMeetingRoomTest" name="@AfterTest aftertest" time="-1.608205749512E9">
    <skipped/>
  </testcase> <!-- @AfterTest aftertest -->
  <testcase classname="MeetingRooms.aaa0004HostWebinarRoomConfirmationDialogTest" name="@AfterTest aftertest" time="-1.608205749512E9">
    <skipped/>
  </testcase> <!-- @AfterTest aftertest -->
  <testcase classname="MeetingRooms.aaa0005HostWebinarRoom_Logo_BroadcastPortlet_ConferenceInfoTestUI" name="@AfterTest aftertest" time="-1.608205749513E9">
    <skipped/>
  </testcase> <!-- @AfterTest aftertest -->
  <testcase classname="MeetingRooms.aaa0006HostMeetingRoomToolBodyTestUI" name="@AfterTest aftertest" time="-1.608205749515E9">
    <skipped/>
  </testcase> <!-- @AfterTest aftertest -->
  <testcase classname="MeetingRooms.aaa0007HostWebinarRoomCurrentAttendeeslist_AND_GlobalChatTestUI" name="@AfterTest aftertest" time="-1.608205749516E9">
    <skipped/>
  </testcase> <!-- @AfterTest aftertest -->
  <testcase classname="MeetingRooms.aaa0001meetingRoomsUITest" name="Test_if_when_MeetingRoomsMenu_is_Clicked_Correct_URL_Destination" time="0.0">
    <skipped/>
  </testcase> <!-- Test_if_when_MeetingRoomsMenu_is_Clicked_Correct_URL_Destination -->
  <testcase classname="MeetingRooms.aaa0001meetingRoomsUITest" name="Test_if_PageTitle_is_Present" time="0.0">
    <skipped/>
  </testcase> <!-- Test_if_PageTitle_is_Present -->
  <testcase classname="MeetingRooms.aaa0001meetingRoomsUITest" name="Test_if_PageTitle_is_Correct" time="0.0">
    <skipped/>
  </testcase> <!-- Test_if_PageTitle_is_Correct -->
  <testcase classname="MeetingRooms.aaa0001meetingRoomsUITest" name="Test_if_PageTitle_icon_is_present" time="0.0">
    <skipped/>
  </testcase> <!-- Test_if_PageTitle_icon_is_present -->
  <testcase classname="MeetingRooms.aaa0001meetingRoomsUITest" name="Test_if_WebinarLength_Label_is_Present" time="0.0">
    <skipped/>
  </testcase> <!-- Test_if_WebinarLength_Label_is_Present -->
  <testcase classname="MeetingRooms.aaa0001meetingRoomsUITest" name="Test_if_WebinarLength_Label_is_Correct" time="0.0">
    <skipped/>
  </testcase> <!-- Test_if_WebinarLength_Label_is_Correct -->
  <testcase classname="MeetingRooms.aaa0001meetingRoomsUITest" name="Test_if_ListLengthSelector_is_Present" time="0.0">
    <skipped/>
  </testcase> <!-- Test_if_ListLengthSelector_is_Present -->
  <testcase classname="MeetingRooms.aaa0001meetingRoomsUITest" name="Test_if_ListLengthSelector_is_Enabled" time="0.0">
    <skipped/>
  </testcase> <!-- Test_if_ListLengthSelector_is_Enabled -->
  <testcase classname="MeetingRooms.aaa0001meetingRoomsUITest" name="Test_if_ListOption5_is_Present" time="0.0">
    <skipped/>
  </testcase> <!-- Test_if_ListOption5_is_Present -->
  <testcase classname="MeetingRooms.aaa0001meetingRoomsUITest" name="Test_if_ListOption10_is_Present" time="0.0">
    <skipped/>
  </testcase> <!-- Test_if_ListOption10_is_Present -->
  <testcase classname="MeetingRooms.aaa0001meetingRoomsUITest" name="Test_if_ListOptionA11_is_Present" time="0.0">
    <skipped/>
  </testcase> <!-- Test_if_ListOptionA11_is_Present -->
  <testcase classname="MeetingRooms.aaa0001meetingRoomsUITest" name="Test_if_SearchLabel_is_Present" time="0.0">
    <skipped/>
  </testcase> <!-- Test_if_SearchLabel_is_Present -->
  <testcase classname="MeetingRooms.aaa0001meetingRoomsUITest" name="Test_if_SearchLabel_is_Correct" time="0.0">
    <skipped/>
  </testcase> <!-- Test_if_SearchLabel_is_Correct -->
  <testcase classname="MeetingRooms.aaa0001meetingRoomsUITest" name="Test_if_SearchInputfield_is_Present" time="0.0">
    <skipped/>
  </testcase> <!-- Test_if_SearchInputfield_is_Present -->
  <testcase classname="MeetingRooms.aaa0001meetingRoomsUITest" name="Test_if_SearchInputfield_is_Enabled" time="0.0">
    <skipped/>
  </testcase> <!-- Test_if_SearchInputfield_is_Enabled -->
  <testcase classname="MeetingRooms.aaa0001meetingRoomsUITest" name="Test_if_AddNewButton_is_Present" time="0.0">
    <skipped/>
  </testcase> <!-- Test_if_AddNewButton_is_Present -->
  <testcase classname="MeetingRooms.aaa0001meetingRoomsUITest" name="Test_if_AddNewButton_is_Enabled" time="0.0">
    <skipped/>
  </testcase> <!-- Test_if_AddNewButton_is_Enabled -->
  <testcase classname="MeetingRooms.aaa0001meetingRoomsUITest" name="Test_if_AddNewButton_name_is_Correct" time="0.0">
    <skipped/>
  </testcase> <!-- Test_if_AddNewButton_name_is_Correct -->
  <testcase classname="MeetingRooms.aaa0001meetingRoomsUITest" name="Test_if_AddNewButton_icon_is_Present" time="0.0">
    <skipped/>
  </testcase> <!-- Test_if_AddNewButton_icon_is_Present -->
  <testcase classname="MeetingRooms.aaa0002StartMeetingRoomConfirmationDialogTest" name="Test_If_StartMeetingRoom_ConfirmmationDialog_Will_Popup_When_StartMeetingNow_Button_Is_Clicked" time="0.0">
    <skipped/>
  </testcase> <!-- Test_If_StartMeetingRoom_ConfirmmationDialog_Will_Popup_When_StartMeetingNow_Button_Is_Clicked -->
  <testcase classname="MeetingRooms.aaa0002StartMeetingRoomConfirmationDialogTest" name="Test_Start_Meeting_Room_modalDialog_Title_is_Present" time="0.0">
    <skipped/>
  </testcase> <!-- Test_Start_Meeting_Room_modalDialog_Title_is_Present -->
  <testcase classname="MeetingRooms.aaa0002StartMeetingRoomConfirmationDialogTest" name="Test_Start_Meeting_Room_modalDialog_Title_is_textCorrect" time="0.0">
    <skipped/>
  </testcase> <!-- Test_Start_Meeting_Room_modalDialog_Title_is_textCorrect -->
  <testcase classname="MeetingRooms.aaa0002StartMeetingRoomConfirmationDialogTest" name="Test_Start_Meeting_Room_modalDialog_questionText_is_Present" time="0.0">
    <skipped/>
  </testcase> <!-- Test_Start_Meeting_Room_modalDialog_questionText_is_Present -->
  <testcase classname="MeetingRooms.aaa0002StartMeetingRoomConfirmationDialogTest" name="Test_Start_Meeting_Room_modalDialog_questionText_is_textCorrect" time="0.0">
    <skipped/>
  </testcase> <!-- Test_Start_Meeting_Room_modalDialog_questionText_is_textCorrect -->
  <testcase classname="MeetingRooms.aaa0002StartMeetingRoomConfirmationDialogTest" name="Test_Start_Meeting_Room_modalDialog_CancelButton_is_Present" time="0.0">
    <skipped/>
  </testcase> <!-- Test_Start_Meeting_Room_modalDialog_CancelButton_is_Present -->
  <testcase classname="MeetingRooms.aaa0002StartMeetingRoomConfirmationDialogTest" name="Test_Start_Meeting_Room_modalDialog_CancelButton_is_Enabled" time="0.0">
    <skipped/>
  </testcase> <!-- Test_Start_Meeting_Room_modalDialog_CancelButton_is_Enabled -->
  <testcase classname="MeetingRooms.aaa0002StartMeetingRoomConfirmationDialogTest" name="Test_Start_Meeting_Room_modalDialog_CancelButton_name_is_Correct" time="0.0">
    <skipped/>
  </testcase> <!-- Test_Start_Meeting_Room_modalDialog_CancelButton_name_is_Correct -->
  <testcase classname="MeetingRooms.aaa0002StartMeetingRoomConfirmationDialogTest" name="Test_Start_Meeting_Room_modalDialog_STARTMEETINGButton_is_Present" time="0.0">
    <skipped/>
  </testcase> <!-- Test_Start_Meeting_Room_modalDialog_STARTMEETINGButton_is_Present -->
  <testcase classname="MeetingRooms.aaa0002StartMeetingRoomConfirmationDialogTest" name="Test_Start_Meeting_Room_modalDialog_STARTMEETINGButton_is_Enabled" time="0.0">
    <skipped/>
  </testcase> <!-- Test_Start_Meeting_Room_modalDialog_STARTMEETINGButton_is_Enabled -->
  <testcase classname="MeetingRooms.aaa0002StartMeetingRoomConfirmationDialogTest" name="Test_Start_Meeting_Room_modalDialog_STARTMEETINGButton_name_is_Correct" time="0.0">
    <skipped/>
  </testcase> <!-- Test_Start_Meeting_Room_modalDialog_STARTMEETINGButton_name_is_Correct -->
  <testcase classname="MeetingRooms.aaa0002StartMeetingRoomConfirmationDialogTest" name="Test_if_Click_cancelButton_will_close_StartMeetingRoomModalDialog" time="0.0">
    <skipped/>
  </testcase> <!-- Test_if_Click_cancelButton_will_close_StartMeetingRoomModalDialog -->
  <testcase classname="MeetingRooms.aaa0002StartMeetingRoomConfirmationDialogTest" name="Test_if_STARTMEETINGbutton_is_click_HostMeetingRoom_will_launch_next_windowTab" time="0.0">
    <skipped/>
  </testcase> <!-- Test_if_STARTMEETINGbutton_is_click_HostMeetingRoom_will_launch_next_windowTab -->
  <testcase classname="MeetingRooms.aaa0002StartMeetingRoomConfirmationDialogTest" name="Test_if_Correct_URL_in_HostMeetingRoom" time="0.0">
    <skipped/>
  </testcase> <!-- Test_if_Correct_URL_in_HostMeetingRoom -->
  <testcase classname="MeetingRooms.aaa0003AddNewMeetingRoomTest" name="Test_if_When_click_addNewbutton_Correct_URLdestination" time="0.0">
    <skipped/>
  </testcase> <!-- Test_if_When_click_addNewbutton_Correct_URLdestination -->
  <testcase classname="MeetingRooms.aaa0003AddNewMeetingRoomTest" name="Test_if_AddMeetingRoomPageTitle_is_Present" time="0.0">
    <skipped/>
  </testcase> <!-- Test_if_AddMeetingRoomPageTitle_is_Present -->
  <testcase classname="MeetingRooms.aaa0003AddNewMeetingRoomTest" name="Test_if_AddMeetingRoomPageTitle_Text_is_Correct" time="0.0">
    <skipped/>
  </testcase> <!-- Test_if_AddMeetingRoomPageTitle_Text_is_Correct -->
  <testcase classname="MeetingRooms.aaa0003AddNewMeetingRoomTest" name="Test_if_AddMeetingRoomPageTitle_Icon_is_Present" time="0.0">
    <skipped/>
  </testcase> <!-- Test_if_AddMeetingRoomPageTitle_Icon_is_Present -->
  <testcase classname="MeetingRooms.aaa0003AddNewMeetingRoomTest" name="Test_if_AddMeetingRoom_InputField_Label_is_Present" time="0.0">
    <skipped/>
  </testcase> <!-- Test_if_AddMeetingRoom_InputField_Label_is_Present -->
  <testcase classname="MeetingRooms.aaa0003AddNewMeetingRoomTest" name="Test_if_AddMeetingRoom_InputField_Label_name_is_Correct" time="0.0">
    <skipped/>
  </testcase> <!-- Test_if_AddMeetingRoom_InputField_Label_name_is_Correct -->
  <testcase classname="MeetingRooms.aaa0003AddNewMeetingRoomTest" name="Test_if_AddMeetingRoom_InputField__is_Present" time="0.0">
    <skipped/>
  </testcase> <!-- Test_if_AddMeetingRoom_InputField__is_Present -->
  <testcase classname="MeetingRooms.aaa0003AddNewMeetingRoomTest" name="Test_if_AddMeetingRoom_InputField__is_Enabled" time="0.0">
    <skipped/>
  </testcase> <!-- Test_if_AddMeetingRoom_InputField__is_Enabled -->
  <testcase classname="MeetingRooms.aaa0003AddNewMeetingRoomTest" name="Test_if_AddMeetingRoom_InputField__name_is_Correct" time="0.0">
    <skipped/>
  </testcase> <!-- Test_if_AddMeetingRoom_InputField__name_is_Correct -->
  <testcase classname="MeetingRooms.aaa0003AddNewMeetingRoomTest" name="Test_if_AddMeetingRoom_button__is_Present" time="0.0">
    <skipped/>
  </testcase> <!-- Test_if_AddMeetingRoom_button__is_Present -->
  <testcase classname="MeetingRooms.aaa0003AddNewMeetingRoomTest" name="Test_if_AddMeetingRoom_button__is_Enabled" time="0.0">
    <skipped/>
  </testcase> <!-- Test_if_AddMeetingRoom_button__is_Enabled -->
  <testcase classname="MeetingRooms.aaa0003AddNewMeetingRoomTest" name="Test_if_AddMeetingRoom_button__icon_is_Present" time="0.0">
    <skipped/>
  </testcase> <!-- Test_if_AddMeetingRoom_button__icon_is_Present -->
  <testcase classname="MeetingRooms.aaa0003AddNewMeetingRoomTest" name="Test_if_AddMeetingRoom_button__name_is_Correct" time="0.0">
    <skipped/>
  </testcase> <!-- Test_if_AddMeetingRoom_button__name_is_Correct -->
  <testcase classname="MeetingRooms.aaa0003AddNewMeetingRoomTest" name="Test_if_ReturnToMeetings_button__is_Present" time="0.0">
    <skipped/>
  </testcase> <!-- Test_if_ReturnToMeetings_button__is_Present -->
  <testcase classname="MeetingRooms.aaa0003AddNewMeetingRoomTest" name="Test_if_ReturnToMeetings_button_is_Enabled" time="0.0">
    <skipped/>
  </testcase> <!-- Test_if_ReturnToMeetings_button_is_Enabled -->
  <testcase classname="MeetingRooms.aaa0003AddNewMeetingRoomTest" name="Test_if_ReturnToMeetings_button_name_is_Correct" time="0.0">
    <skipped/>
  </testcase> <!-- Test_if_ReturnToMeetings_button_name_is_Correct -->
  <testcase classname="MeetingRooms.aaa0003AddNewMeetingRoomTest" name="Test_if_ReturnToMeetings_button_Icon_is_Present" time="0.0">
    <skipped/>
  </testcase> <!-- Test_if_ReturnToMeetings_button_Icon_is_Present -->
  <testcase classname="MeetingRooms.aaa0003AddNewMeetingRoomTest" name="Test_if_addNewMeeting_NoMeetingName_is_entered" time="0.0">
    <skipped/>
  </testcase> <!-- Test_if_addNewMeeting_NoMeetingName_is_entered -->
  <testcase classname="MeetingRooms.aaa0003AddNewMeetingRoomTest" name="Test_if_AddnewMeeting_enterAName" time="0.0">
    <skipped/>
  </testcase> <!-- Test_if_AddnewMeeting_enterAName -->
  <testcase classname="MeetingRooms.aaa0003AddNewMeetingRoomTest" name="Test_Delete_the_justAddedMeeting" time="0.0">
    <skipped/>
  </testcase> <!-- Test_Delete_the_justAddedMeeting -->
  <testcase classname="MeetingRooms.aaa0003AddNewMeetingRoomTest" name="Test_AddNewMeeting_AddName_click_ReturMeetingbutton" time="0.0">
    <skipped/>
  </testcase> <!-- Test_AddNewMeeting_AddName_click_ReturMeetingbutton -->
  <testcase classname="MeetingRooms.aaa0004HostWebinarRoomConfirmationDialogTest" name="Test_If_ConfirmationDialog_Popup_At_Host_WebinarRoom_When_Launch" time="0.0">
    <skipped/>
  </testcase> <!-- Test_If_ConfirmationDialog_Popup_At_Host_WebinarRoom_When_Launch -->
  <testcase classname="MeetingRooms.aaa0004HostWebinarRoomConfirmationDialogTest" name="Test_If_ConfirmationDialog_Has_Title" time="0.0">
    <skipped/>
  </testcase> <!-- Test_If_ConfirmationDialog_Has_Title -->
  <testcase classname="MeetingRooms.aaa0004HostWebinarRoomConfirmationDialogTest" name="Test_If_ConfirmationDialog_Has_Title_Is_Correct" time="0.0">
    <skipped/>
  </testcase> <!-- Test_If_ConfirmationDialog_Has_Title_Is_Correct -->
  <testcase classname="MeetingRooms.aaa0004HostWebinarRoomConfirmationDialogTest" name="Test_If_ConfirmationDialog_Has_InstructionText" time="0.0">
    <skipped/>
  </testcase> <!-- Test_If_ConfirmationDialog_Has_InstructionText -->
  <testcase classname="MeetingRooms.aaa0004HostWebinarRoomConfirmationDialogTest" name="Test_If_ConfirmationDialog_InstructionText_Is_Correct" time="0.0">
    <skipped/>
  </testcase> <!-- Test_If_ConfirmationDialog_InstructionText_Is_Correct -->
  <testcase classname="MeetingRooms.aaa0004HostWebinarRoomConfirmationDialogTest" name="Test_If_ConfirmationDialog_Has_JoinRoomNow_Button" time="0.0">
    <skipped/>
  </testcase> <!-- Test_If_ConfirmationDialog_Has_JoinRoomNow_Button -->
  <testcase classname="MeetingRooms.aaa0004HostWebinarRoomConfirmationDialogTest" name="Test_If_ConfirmationDialog_JoinRoomNow_Button_Is_Enabled" time="0.0">
    <skipped/>
  </testcase> <!-- Test_If_ConfirmationDialog_JoinRoomNow_Button_Is_Enabled -->
  <testcase classname="MeetingRooms.aaa0004HostWebinarRoomConfirmationDialogTest" name="Test_If_ConfirmationDialog_JoinRoomNow_Button_Has_Name_And_Correct" time="0.0">
    <skipped/>
  </testcase> <!-- Test_If_ConfirmationDialog_JoinRoomNow_Button_Has_Name_And_Correct -->
  <testcase classname="MeetingRooms.aaa0004HostWebinarRoomConfirmationDialogTest" name="Test_If_When_JoinRoomNow_Button_Is_Clicked_ConfirmationDialog_Will_Be_Closed" time="0.0">
    <skipped/>
  </testcase> <!-- Test_If_When_JoinRoomNow_Button_Is_Clicked_ConfirmationDialog_Will_Be_Closed -->
  <testcase classname="MeetingRooms.aaa0005HostWebinarRoom_Logo_BroadcastPortlet_ConferenceInfoTestUI" name="Test_If_There_Is_JetWebinar_Logo_Inside_The_Host_WebinarRoom" time="0.0">
    <skipped/>
  </testcase> <!-- Test_If_There_Is_JetWebinar_Logo_Inside_The_Host_WebinarRoom -->
  <testcase classname="MeetingRooms.aaa0005HostWebinarRoom_Logo_BroadcastPortlet_ConferenceInfoTestUI" name="Test_if_Correct_JetWebinarLogo_in_HostMeetingRoom" time="0.0">
    <skipped/>
  </testcase> <!-- Test_if_Correct_JetWebinarLogo_in_HostMeetingRoom -->
  <testcase classname="MeetingRooms.aaa0005HostWebinarRoom_Logo_BroadcastPortlet_ConferenceInfoTestUI" name="Test_if_BROACASTROOM_videoScreen_Title_is_Present" time="0.0">
    <skipped/>
  </testcase> <!-- Test_if_BROACASTROOM_videoScreen_Title_is_Present -->
  <testcase classname="MeetingRooms.aaa0005HostWebinarRoom_Logo_BroadcastPortlet_ConferenceInfoTestUI" name="Test_if_BROACASTROOM_videoScreen_Title_is_textCorrect" time="0.0">
    <skipped/>
  </testcase> <!-- Test_if_BROACASTROOM_videoScreen_Title_is_textCorrect -->
  <testcase classname="MeetingRooms.aaa0005HostWebinarRoom_Logo_BroadcastPortlet_ConferenceInfoTestUI" name="Test_if_BROACASTROOM_videoScreen_Title_Icon_is_Present" time="0.0">
    <skipped/>
  </testcase> <!-- Test_if_BROACASTROOM_videoScreen_Title_Icon_is_Present -->
  <testcase classname="MeetingRooms.aaa0005HostWebinarRoom_Logo_BroadcastPortlet_ConferenceInfoTestUI" name="Test_if_FullScreen_ButtonIcon_is_Present" time="0.0">
    <skipped/>
  </testcase> <!-- Test_if_FullScreen_ButtonIcon_is_Present -->
  <testcase classname="MeetingRooms.aaa0005HostWebinarRoom_Logo_BroadcastPortlet_ConferenceInfoTestUI" name="Test_if_FullScreen_ButtonIcon_is_Enabled" time="0.0">
    <skipped/>
  </testcase> <!-- Test_if_FullScreen_ButtonIcon_is_Enabled -->
  <testcase classname="MeetingRooms.aaa0005HostWebinarRoom_Logo_BroadcastPortlet_ConferenceInfoTestUI" name="Test_if_Conference_Info_button_is_Present" time="0.0">
    <skipped/>
  </testcase> <!-- Test_if_Conference_Info_button_is_Present -->
  <testcase classname="MeetingRooms.aaa0005HostWebinarRoom_Logo_BroadcastPortlet_ConferenceInfoTestUI" name="Test_if_Conference_Info_button_is_Enabled" time="0.0">
    <skipped/>
  </testcase> <!-- Test_if_Conference_Info_button_is_Enabled -->
  <testcase classname="MeetingRooms.aaa0005HostWebinarRoom_Logo_BroadcastPortlet_ConferenceInfoTestUI" name="Test_if_Conference_Info_button_name_is_Present" time="0.0">
    <skipped/>
  </testcase> <!-- Test_if_Conference_Info_button_name_is_Present -->
  <testcase classname="MeetingRooms.aaa0005HostWebinarRoom_Logo_BroadcastPortlet_ConferenceInfoTestUI" name="Test_if_Conference_Info_button_Icon_is_Present" time="0.0">
    <skipped/>
  </testcase> <!-- Test_if_Conference_Info_button_Icon_is_Present -->
  <testcase classname="MeetingRooms.aaa0005HostWebinarRoom_Logo_BroadcastPortlet_ConferenceInfoTestUI" name="Test_if_Conference_Info_ModalDialog_willLaunch_When_its_button_isClicked" time="0.0">
    <skipped/>
  </testcase> <!-- Test_if_Conference_Info_ModalDialog_willLaunch_When_its_button_isClicked -->
  <testcase classname="MeetingRooms.aaa0005HostWebinarRoom_Logo_BroadcastPortlet_ConferenceInfoTestUI" name="Test_if_Conference_Info_ModalDialog_Title_is_Present" time="0.0">
    <skipped/>
  </testcase> <!-- Test_if_Conference_Info_ModalDialog_Title_is_Present -->
  <testcase classname="MeetingRooms.aaa0005HostWebinarRoom_Logo_BroadcastPortlet_ConferenceInfoTestUI" name="Test_if_Conference_Info_ModalDialog_Title_is_textCorrect" time="0.0">
    <skipped/>
  </testcase> <!-- Test_if_Conference_Info_ModalDialog_Title_is_textCorrect -->
  <testcase classname="MeetingRooms.aaa0005HostWebinarRoom_Logo_BroadcastPortlet_ConferenceInfoTestUI" name="Test_if_Conference_Info_ModalDialog_LabelLink_is_Present" time="0.0">
    <skipped/>
  </testcase> <!-- Test_if_Conference_Info_ModalDialog_LabelLink_is_Present -->
  <testcase classname="MeetingRooms.aaa0005HostWebinarRoom_Logo_BroadcastPortlet_ConferenceInfoTestUI" name="Test_if_Conference_Info_ModalDialog_LabelLink_is_textCorrect" time="0.0">
    <skipped/>
  </testcase> <!-- Test_if_Conference_Info_ModalDialog_LabelLink_is_textCorrect -->
  <testcase classname="MeetingRooms.aaa0005HostWebinarRoom_Logo_BroadcastPortlet_ConferenceInfoTestUI" name="Test_if_Conference_Info_ModalDialog_ConferenceLink_Inputfield_is_Present" time="0.0">
    <skipped/>
  </testcase> <!-- Test_if_Conference_Info_ModalDialog_ConferenceLink_Inputfield_is_Present -->
  <testcase classname="MeetingRooms.aaa0005HostWebinarRoom_Logo_BroadcastPortlet_ConferenceInfoTestUI" name="Test_if_Conference_Info_ModalDialog_ConferenceLink_Inputfield_is_NotEmpty_and_Correct_Link" time="0.0">
    <skipped/>
  </testcase> <!-- Test_if_Conference_Info_ModalDialog_ConferenceLink_Inputfield_is_NotEmpty_and_Correct_Link -->
  <testcase classname="MeetingRooms.aaa0005HostWebinarRoom_Logo_BroadcastPortlet_ConferenceInfoTestUI" name="Test_if_Conference_Info_ModalDialog_CloseButton_is_Present" time="0.0">
    <skipped/>
  </testcase> <!-- Test_if_Conference_Info_ModalDialog_CloseButton_is_Present -->
  <testcase classname="MeetingRooms.aaa0005HostWebinarRoom_Logo_BroadcastPortlet_ConferenceInfoTestUI" name="Test_if_Conference_Info_ModalDialog_CloseButton_is_Enabled" time="0.0">
    <skipped/>
  </testcase> <!-- Test_if_Conference_Info_ModalDialog_CloseButton_is_Enabled -->
  <testcase classname="MeetingRooms.aaa0005HostWebinarRoom_Logo_BroadcastPortlet_ConferenceInfoTestUI" name="Test_if_Conference_Info_ModalDialog_CloseButton_name_is_Correct" time="0.0">
    <skipped/>
  </testcase> <!-- Test_if_Conference_Info_ModalDialog_CloseButton_name_is_Correct -->
  <testcase classname="MeetingRooms.aaa0005HostWebinarRoom_Logo_BroadcastPortlet_ConferenceInfoTestUI" name="Test_if_Conference_Info_ModalDialog_CloseButton_is_Clicked_Modal_willClosed" time="0.0">
    <skipped/>
  </testcase> <!-- Test_if_Conference_Info_ModalDialog_CloseButton_is_Clicked_Modal_willClosed -->
  <testcase classname="MeetingRooms.aaa0005HostWebinarRoom_Logo_BroadcastPortlet_ConferenceInfoTestUI" name="Test_if_Conference_Info_ModalDialog_xButton_is_Present" time="0.0">
    <skipped/>
  </testcase> <!-- Test_if_Conference_Info_ModalDialog_xButton_is_Present -->
  <testcase classname="MeetingRooms.aaa0005HostWebinarRoom_Logo_BroadcastPortlet_ConferenceInfoTestUI" name="Test_if_Conference_Info_ModalDialog_xButton_is_Enabled" time="0.0">
    <skipped/>
  </testcase> <!-- Test_if_Conference_Info_ModalDialog_xButton_is_Enabled -->
  <testcase classname="MeetingRooms.aaa0005HostWebinarRoom_Logo_BroadcastPortlet_ConferenceInfoTestUI" name="Test_if_Conference_Info_ModalDialog_xButton_is_Clicked_Modal_willClosed" time="0.0">
    <skipped/>
  </testcase> <!-- Test_if_Conference_Info_ModalDialog_xButton_is_Clicked_Modal_willClosed -->
  <testcase classname="MeetingRooms.aaa0005HostWebinarRoom_Logo_BroadcastPortlet_ConferenceInfoTestUI" name="Test_If_BroadcastRoom_Screen_Is_Present" time="0.0">
    <skipped/>
  </testcase> <!-- Test_If_BroadcastRoom_Screen_Is_Present -->
  <testcase classname="MeetingRooms.aaa0005HostWebinarRoom_Logo_BroadcastPortlet_ConferenceInfoTestUI" name="Test_If_When_FullscreenIcon_Is_Click_BroadcastRoom_Will_GoFullScreen" time="0.0">
    <skipped/>
  </testcase> <!-- Test_If_When_FullscreenIcon_Is_Click_BroadcastRoom_Will_GoFullScreen -->
  <testcase classname="MeetingRooms.aaa0005HostWebinarRoom_Logo_BroadcastPortlet_ConferenceInfoTestUI" name="Test_If_When_FullscreenIcon_Is_Click_BackAgain_BroadcastRoom_Will_GoBackToNormalScreenSize" time="0.0">
    <skipped/>
  </testcase> <!-- Test_If_When_FullscreenIcon_Is_Click_BackAgain_BroadcastRoom_Will_GoBackToNormalScreenSize -->
  <testcase classname="MeetingRooms.aaa0006HostMeetingRoomToolBodyTestUI" name="Test_if_ToggleswitchCamera_is_Present" time="0.0">
    <skipped/>
  </testcase> <!-- Test_if_ToggleswitchCamera_is_Present -->
  <testcase classname="MeetingRooms.aaa0006HostMeetingRoomToolBodyTestUI" name="Test_if_ToggleswitchCamera_is_Enabled" time="0.0">
    <skipped/>
  </testcase> <!-- Test_if_ToggleswitchCamera_is_Enabled -->
  <testcase classname="MeetingRooms.aaa0006HostMeetingRoomToolBodyTestUI" name="Test_if_ToggleswitchCamera_Icon_is_Present" time="0.0">
    <skipped/>
  </testcase> <!-- Test_if_ToggleswitchCamera_Icon_is_Present -->
  <testcase classname="MeetingRooms.aaa0006HostMeetingRoomToolBodyTestUI" name="Test_if_ToggleswitchCamera_is_ByDefault_Off" time="0.0">
    <skipped/>
  </testcase> <!-- Test_if_ToggleswitchCamera_is_ByDefault_Off -->
  <testcase classname="MeetingRooms.aaa0006HostMeetingRoomToolBodyTestUI" name="Test_if_ToggleswitchCamera_is_ToggleON" time="0.0">
    <skipped/>
  </testcase> <!-- Test_if_ToggleswitchCamera_is_ToggleON -->
  <testcase classname="MeetingRooms.aaa0006HostMeetingRoomToolBodyTestUI" name="Test_if_ToggleswitchCamera_is_ToggleOFF" time="0.0">
    <skipped/>
  </testcase> <!-- Test_if_ToggleswitchCamera_is_ToggleOFF -->
[...]
    <skipped/>
  </testcase> <!-- Test_If_OfferURL_Label_is_textCorrect -->
  <testcase classname="MeetingRooms.aaa0006HostMeetingRoomToolBodyTestUI" name="Test_If_OfferUrl_Inputfield_is_Present" time="0.0">
    <skipped/>
  </testcase> <!-- Test_If_OfferUrl_Inputfield_is_Present -->
  <testcase classname="MeetingRooms.aaa0006HostMeetingRoomToolBodyTestUI" name="Test_If_OfferUrl_Inputfield_is_Enabled" time="0.0">
    <skipped/>
  </testcase> <!-- Test_If_OfferUrl_Inputfield_is_Enabled -->
  <testcase classname="MeetingRooms.aaa0006HostMeetingRoomToolBodyTestUI" name="Test_If_OfferUrl_Inputfield_Label_is_textCorrect" time="0.0">
    <skipped/>
  </testcase> <!-- Test_If_OfferUrl_Inputfield_Label_is_textCorrect -->
  <testcase classname="MeetingRooms.aaa0006HostMeetingRoomToolBodyTestUI" name="Test_If_OfferButtonCaption_Label_is_Present" time="0.0">
    <skipped/>
  </testcase> <!-- Test_If_OfferButtonCaption_Label_is_Present -->
  <testcase classname="MeetingRooms.aaa0006HostMeetingRoomToolBodyTestUI" name="Test_If_OfferButtonCaption_Label_is_textCorrect" time="0.0">
    <skipped/>
  </testcase> <!-- Test_If_OfferButtonCaption_Label_is_textCorrect -->
  <testcase classname="MeetingRooms.aaa0006HostMeetingRoomToolBodyTestUI" name="Test_If_OfferButtonCaption_Inputfield_is_Present" time="0.0">
    <skipped/>
  </testcase> <!-- Test_If_OfferButtonCaption_Inputfield_is_Present -->
  <testcase classname="MeetingRooms.aaa0006HostMeetingRoomToolBodyTestUI" name="Test_If_OfferButtonCaption_Inputfield_is_Enabled" time="0.0">
    <skipped/>
  </testcase> <!-- Test_If_OfferButtonCaption_Inputfield_is_Enabled -->
  <testcase classname="MeetingRooms.aaa0006HostMeetingRoomToolBodyTestUI" name="Test_If_OfferButtonCaption_Inputfield_is_textCorrect" time="0.0">
    <skipped/>
  </testcase> <!-- Test_If_OfferButtonCaption_Inputfield_is_textCorrect -->
  <testcase classname="MeetingRooms.aaa0006HostMeetingRoomToolBodyTestUI" name="Test_If_ShareOffersbutton_is_Present" time="0.0">
    <skipped/>
  </testcase> <!-- Test_If_ShareOffersbutton_is_Present -->
  <testcase classname="MeetingRooms.aaa0006HostMeetingRoomToolBodyTestUI" name="Test_If_ShareOffersbutton_is_Enabled" time="0.0">
    <skipped/>
  </testcase> <!-- Test_If_ShareOffersbutton_is_Enabled -->
  <testcase classname="MeetingRooms.aaa0006HostMeetingRoomToolBodyTestUI" name="Test_If_ShareOffersbutton_is_textCorrect" time="0.0">
    <skipped/>
  </testcase> <!-- Test_If_ShareOffersbutton_is_textCorrect -->
  <testcase classname="MeetingRooms.aaa0006HostMeetingRoomToolBodyTestUI" name="Test_If_ClearOffersbutton_is_Present" time="0.0">
    <skipped/>
  </testcase> <!-- Test_If_ClearOffersbutton_is_Present -->
  <testcase classname="MeetingRooms.aaa0006HostMeetingRoomToolBodyTestUI" name="Test_If_ClearOffersbutton_is_Enabled" time="0.0">
    <skipped/>
  </testcase> <!-- Test_If_ClearOffersbutton_is_Enabled -->
  <testcase classname="MeetingRooms.aaa0006HostMeetingRoomToolBodyTestUI" name="Test_If_ClearOffersbutton_is_textCorrect" time="0.0">
    <skipped/>
  </testcase> <!-- Test_If_ClearOffersbutton_is_textCorrect -->
  <testcase classname="MeetingRooms.aaa0006HostMeetingRoomToolBodyTestUI" name="Test_If_ShareOffer_ModalDialog_Cancelbutton_is_Present" time="0.0">
    <skipped/>
  </testcase> <!-- Test_If_ShareOffer_ModalDialog_Cancelbutton_is_Present -->
  <testcase classname="MeetingRooms.aaa0006HostMeetingRoomToolBodyTestUI" name="Test_If_ShareOffer_ModalDialog_Cancelbutton_is_Enabled" time="0.0">
    <skipped/>
  </testcase> <!-- Test_If_ShareOffer_ModalDialog_Cancelbutton_is_Enabled -->
  <testcase classname="MeetingRooms.aaa0006HostMeetingRoomToolBodyTestUI" name="Test_If_ShareOffer_ModalDialog_Cancelbutton_is_textCorrect" time="0.0">
    <skipped/>
  </testcase> <!-- Test_If_ShareOffer_ModalDialog_Cancelbutton_is_textCorrect -->
  <testcase classname="MeetingRooms.aaa0006HostMeetingRoomToolBodyTestUI" name="Test_If_ShareOffer_ModalDialog_Cancebutton_is_Clicked_ShareOfferModalialog_willClosed" time="0.0">
    <skipped/>
  </testcase> <!-- Test_If_ShareOffer_ModalDialog_Cancebutton_is_Clicked_ShareOfferModalialog_willClosed -->
  <testcase classname="MeetingRooms.aaa0006HostMeetingRoomToolBodyTestUI" name="Test_If_ShareSlides_submenu_is_Present" time="0.0">
    <skipped/>
  </testcase> <!-- Test_If_ShareSlides_submenu_is_Present -->
  <testcase classname="MeetingRooms.aaa0006HostMeetingRoomToolBodyTestUI" name="Test_If_ShareSlides_submenu_is_textCorrect" time="0.0">
    <skipped/>
  </testcase> <!-- Test_If_ShareSlides_submenu_is_textCorrect -->
  <testcase classname="MeetingRooms.aaa0006HostMeetingRoomToolBodyTestUI" name="Test_If_ShareSlides_is_clicked_itsModalDialog_willLaunch" time="0.0">
    <skipped/>
  </testcase> <!-- Test_If_ShareSlides_is_clicked_itsModalDialog_willLaunch -->
  <testcase classname="MeetingRooms.aaa0006HostMeetingRoomToolBodyTestUI" name="Test_If_ShareSlides_ModalDialog_Title_is_Present" time="0.0">
    <skipped/>
  </testcase> <!-- Test_If_ShareSlides_ModalDialog_Title_is_Present -->
  <testcase classname="MeetingRooms.aaa0006HostMeetingRoomToolBodyTestUI" name="Test_If_ShareSlides_ModalDialog_Title_is_textCorrect" time="0.0">
    <skipped/>
  </testcase> <!-- Test_If_ShareSlides_ModalDialog_Title_is_textCorrect -->
  <testcase classname="MeetingRooms.aaa0006HostMeetingRoomToolBodyTestUI" name="Test_If_ShareSlides_ModalDialog_Cancelbutton_is_Present" time="0.0">
    <skipped/>
  </testcase> <!-- Test_If_ShareSlides_ModalDialog_Cancelbutton_is_Present -->
  <testcase classname="MeetingRooms.aaa0006HostMeetingRoomToolBodyTestUI" name="Test_If_ShareSlides_ModalDialog_Cancelbutton_is_Enabled" time="0.0">
    <skipped/>
  </testcase> <!-- Test_If_ShareSlides_ModalDialog_Cancelbutton_is_Enabled -->
  <testcase classname="MeetingRooms.aaa0006HostMeetingRoomToolBodyTestUI" name="Test_If_ShareSlides_ModalDialog_Cancelbutton_is_textCorrect" time="0.0">
    <skipped/>
  </testcase> <!-- Test_If_ShareSlides_ModalDialog_Cancelbutton_is_textCorrect -->
  <testcase classname="MeetingRooms.aaa0006HostMeetingRoomToolBodyTestUI" name="Test_If_ShareSlides_ModalDialog_OKbutton_is_Present" time="0.0">
    <skipped/>
  </testcase> <!-- Test_If_ShareSlides_ModalDialog_OKbutton_is_Present -->
  <testcase classname="MeetingRooms.aaa0006HostMeetingRoomToolBodyTestUI" name="Test_If_ShareSlides_ModalDialog_OKbutton_is_Enabled" time="0.0">
    <skipped/>
  </testcase> <!-- Test_If_ShareSlides_ModalDialog_OKbutton_is_Enabled -->
  <testcase classname="MeetingRooms.aaa0006HostMeetingRoomToolBodyTestUI" name="Test_If_ShareSlides_ModalDialog_OKbutton_is_textCorrect" time="0.0">
    <skipped/>
  </testcase> <!-- Test_If_ShareSlides_ModalDialog_OKbutton_is_textCorrect -->
  <testcase classname="MeetingRooms.aaa0006HostMeetingRoomToolBodyTestUI" name="Test_If_ShareSlides_ModalDialog_Cancel_button_is_Clicked_Modal_willClosed" time="0.0">
    <skipped/>
  </testcase> <!-- Test_If_ShareSlides_ModalDialog_Cancel_button_is_Clicked_Modal_willClosed -->
  <testcase classname="MeetingRooms.aaa0006HostMeetingRoomToolBodyTestUI" name="Test_If_ShareViaFbLive_submenu_is_Present" time="0.0">
    <skipped/>
  </testcase> <!-- Test_If_ShareViaFbLive_submenu_is_Present -->
  <testcase classname="MeetingRooms.aaa0006HostMeetingRoomToolBodyTestUI" name="Test_If_ShareViaFbLive_submenu_is_textCorrect" time="0.0">
    <skipped/>
  </testcase> <!-- Test_If_ShareViaFbLive_submenu_is_textCorrect -->
  <testcase classname="MeetingRooms.aaa0006HostMeetingRoomToolBodyTestUI" name="Test_If_ShareViaFbLive_is_clicked_itsModalDialog_willLaunch" time="0.0">
    <skipped/>
  </testcase> <!-- Test_If_ShareViaFbLive_is_clicked_itsModalDialog_willLaunch -->
  <testcase classname="MeetingRooms.aaa0006HostMeetingRoomToolBodyTestUI" name="Test_If_ShareViaFbLiveModal_title_is_Present" time="0.0">
    <skipped/>
  </testcase> <!-- Test_If_ShareViaFbLiveModal_title_is_Present -->
  <testcase classname="MeetingRooms.aaa0006HostMeetingRoomToolBodyTestUI" name="Test_If_ShareViaFbLiveModal_title_is_textCorrect" time="0.0">
    <skipped/>
  </testcase> <!-- Test_If_ShareViaFbLiveModal_title_is_textCorrect -->
  <testcase classname="MeetingRooms.aaa0006HostMeetingRoomToolBodyTestUI" name="Test_If_ShareViaFbLiveModal_continuewithfbButton_is_Present" time="0.0">
    <skipped/>
  </testcase> <!-- Test_If_ShareViaFbLiveModal_continuewithfbButton_is_Present -->
  <testcase classname="MeetingRooms.aaa0006HostMeetingRoomToolBodyTestUI" name="Test_If_ShareViaFbLiveModal_continuewithfbButton_is_Enabled" time="0.0">
    <skipped/>
  </testcase> <!-- Test_If_ShareViaFbLiveModal_continuewithfbButton_is_Enabled -->
  <testcase classname="MeetingRooms.aaa0006HostMeetingRoomToolBodyTestUI" name="Test_If_ShareViaFbLiveModal_continuewithfbButton_is_textCorrect" time="0.0">
    <skipped/>
  </testcase> <!-- Test_If_ShareViaFbLiveModal_continuewithfbButton_is_textCorrect -->
  <testcase classname="MeetingRooms.aaa0006HostMeetingRoomToolBodyTestUI" name="Test_If_ShareViaFbLiveModal_SaveSettingsButton_is_Present" time="0.0">
    <skipped/>
  </testcase> <!-- Test_If_ShareViaFbLiveModal_SaveSettingsButton_is_Present -->
  <testcase classname="MeetingRooms.aaa0006HostMeetingRoomToolBodyTestUI" name="Test_If_ShareViaFbLiveModal_SaveSettingsButton_is_Enabled" time="0.0">
    <skipped/>
  </testcase> <!-- Test_If_ShareViaFbLiveModal_SaveSettingsButton_is_Enabled -->
  <testcase classname="MeetingRooms.aaa0006HostMeetingRoomToolBodyTestUI" name="Test_If_ShareViaFbLiveModal_SaveSettingsButton_is_textCorrect" time="0.0">
    <skipped/>
  </testcase> <!-- Test_If_ShareViaFbLiveModal_SaveSettingsButton_is_textCorrect -->
  <testcase classname="MeetingRooms.aaa0006HostMeetingRoomToolBodyTestUI" name="Test_If_ShareViaFbLiveModal_CancelButton_is_Present" time="0.0">
    <skipped/>
  </testcase> <!-- Test_If_ShareViaFbLiveModal_CancelButton_is_Present -->
  <testcase classname="MeetingRooms.aaa0006HostMeetingRoomToolBodyTestUI" name="Test_If_ShareViaFbLiveModal_CancelButton_is_Enabled" time="0.0">
    <skipped/>
  </testcase> <!-- Test_If_ShareViaFbLiveModal_CancelButton_is_Enabled -->
  <testcase classname="MeetingRooms.aaa0006HostMeetingRoomToolBodyTestUI" name="Test_If_ShareViaFbLiveModal_CancelButton_is_textCorrect" time="0.0">
    <skipped/>
  </testcase> <!-- Test_If_ShareViaFbLiveModal_CancelButton_is_textCorrect -->
  <testcase classname="MeetingRooms.aaa0006HostMeetingRoomToolBodyTestUI" name="Test_If_ShareViaFbLiveModal_Cancel_button_is_Clicked_Modal_willClosed" time="0.0">
    <skipped/>
  </testcase> <!-- Test_If_ShareViaFbLiveModal_Cancel_button_is_Clicked_Modal_willClosed -->
  <testcase classname="MeetingRooms.aaa0006HostMeetingRoomToolBodyTestUI" name="Test_If_ShareViaRTMP_submenu_is_Present" time="0.0">
    <skipped/>
  </testcase> <!-- Test_If_ShareViaRTMP_submenu_is_Present -->
  <testcase classname="MeetingRooms.aaa0006HostMeetingRoomToolBodyTestUI" name="Test_If_ShareViaRTMP_submenu_is_textCorrect" time="0.0">
    <skipped/>
  </testcase> <!-- Test_If_ShareViaRTMP_submenu_is_textCorrect -->
  <testcase classname="MeetingRooms.aaa0006HostMeetingRoomToolBodyTestUI" name="Test_If_ShareViaRTMP_submenu_is_clicked_itsModalDialog_willLaunch" time="0.0">
    <skipped/>
  </testcase> <!-- Test_If_ShareViaRTMP_submenu_is_clicked_itsModalDialog_willLaunch -->
  <testcase classname="MeetingRooms.aaa0006HostMeetingRoomToolBodyTestUI" name="Test_If_ShareViaRTMP_Modal_Title_is_Present" time="0.0">
    <skipped/>
  </testcase> <!-- Test_If_ShareViaRTMP_Modal_Title_is_Present -->
  <testcase classname="MeetingRooms.aaa0006HostMeetingRoomToolBodyTestUI" name="Test_If_ShareViaRTMP_Modal_Title_is_textCorrect" time="0.0">
    <skipped/>
  </testcase> <!-- Test_If_ShareViaRTMP_Modal_Title_is_textCorrect -->
  <testcase classname="MeetingRooms.aaa0007HostWebinarRoomCurrentAttendeeslist_AND_GlobalChatTestUI" name="Test_If_CurrentAttendeesPortlet_is_Present" time="0.0">
    <skipped/>
  </testcase> <!-- Test_If_CurrentAttendeesPortlet_is_Present -->
  <testcase classname="MeetingRooms.aaa0007HostWebinarRoomCurrentAttendeeslist_AND_GlobalChatTestUI" name="Test_If_CurrentAttendeesPortlet_Title_is_Present" time="0.0">
    <skipped/>
  </testcase> <!-- Test_If_CurrentAttendeesPortlet_Title_is_Present -->
  <testcase classname="MeetingRooms.aaa0007HostWebinarRoomCurrentAttendeeslist_AND_GlobalChatTestUI" name="Test_If_CurrentAttendeesPortlet_Title_is_textCorrect" time="0.0">
    <skipped/>
  </testcase> <!-- Test_If_CurrentAttendeesPortlet_Title_is_textCorrect -->
  <testcase classname="MeetingRooms.aaa0007HostWebinarRoomCurrentAttendeeslist_AND_GlobalChatTestUI" name="Test_If_CurrentAttendeesPortlet_Title_Icon_is_Present" time="0.0">
    <skipped/>
  </testcase> <!-- Test_If_CurrentAttendeesPortlet_Title_Icon_is_Present -->
  <testcase classname="MeetingRooms.aaa0007HostWebinarRoomCurrentAttendeeslist_AND_GlobalChatTestUI" name="Test_If_CurrentAttendeesPortlet_HostName_is_Present" time="0.0">
    <skipped/>
  </testcase> <!-- Test_If_CurrentAttendeesPortlet_HostName_is_Present -->
  <testcase classname="MeetingRooms.aaa0007HostWebinarRoomCurrentAttendeeslist_AND_GlobalChatTestUI" name="Test_If_CurrentAttendeesPortlet_HostName_Has_Tagwith_Host_is_Present" time="0.0">
    <skipped/>
  </testcase> <!-- Test_If_CurrentAttendeesPortlet_HostName_Has_Tagwith_Host_is_Present -->
  <testcase classname="MeetingRooms.aaa0007HostWebinarRoomCurrentAttendeeslist_AND_GlobalChatTestUI" name="Test_If_CurrentAttendeesPortlet_HostName_is_Correct_and_Match_in_HostName_AboveUpperRightCorner" time="0.0">
    <skipped/>
  </testcase> <!-- Test_If_CurrentAttendeesPortlet_HostName_is_Correct_and_Match_in_HostName_AboveUpperRightCorner -->
  <testcase classname="MeetingRooms.aaa0007HostWebinarRoomCurrentAttendeeslist_AND_GlobalChatTestUI" name="Test_If_CurrentAttendeesPortlet_Title_TotalCount_IfHostOnly_is_PresentanCorrect" time="0.0">
    <skipped/>
  </testcase> <!-- Test_If_CurrentAttendeesPortlet_Title_TotalCount_IfHostOnly_is_PresentanCorrect -->
  <testcase classname="MeetingRooms.aaa0007HostWebinarRoomCurrentAttendeeslist_AND_GlobalChatTestUI" name="Test_If_FindAttendee_InputField_is_Present" time="0.0">
    <skipped/>
  </testcase> <!-- Test_If_FindAttendee_InputField_is_Present -->
  <testcase classname="MeetingRooms.aaa0007HostWebinarRoomCurrentAttendeeslist_AND_GlobalChatTestUI" name="Test_If_FindAttendee_InputField_is_Enabled" time="0.0">
    <skipped/>
  </testcase> <!-- Test_If_FindAttendee_InputField_is_Enabled -->
  <testcase classname="MeetingRooms.aaa0007HostWebinarRoomCurrentAttendeeslist_AND_GlobalChatTestUI" name="Test_If_FindAttendee_InputField_label_is_PresentandCorrect" time="0.0">
    <skipped/>
  </testcase> <!-- Test_If_FindAttendee_InputField_label_is_PresentandCorrect -->
  <testcase classname="MeetingRooms.aaa0007HostWebinarRoomCurrentAttendeeslist_AND_GlobalChatTestUI" name="Test_If_Attendeeslist_FullscreenIcon_is_Present" time="0.0">
    <skipped/>
  </testcase> <!-- Test_If_Attendeeslist_FullscreenIcon_is_Present -->
  <testcase classname="MeetingRooms.aaa0007HostWebinarRoomCurrentAttendeeslist_AND_GlobalChatTestUI" name="Test_If_Attendeeslist_FullscreenIcon_is_Enabled" time="0.0">
    <skipped/>
  </testcase> <!-- Test_If_Attendeeslist_FullscreenIcon_is_Enabled -->
  <testcase classname="MeetingRooms.aaa0007HostWebinarRoomCurrentAttendeeslist_AND_GlobalChatTestUI" name="Test_If_When_FullscreenIcon_isClicked_AttendeeslistPortlet_willExpand" time="0.0">
    <skipped/>
  </testcase> <!-- Test_If_When_FullscreenIcon_isClicked_AttendeeslistPortlet_willExpand -->
  <testcase classname="MeetingRooms.aaa0007HostWebinarRoomCurrentAttendeeslist_AND_GlobalChatTestUI" name="Test_If_When_Click_Again_FullscreenIcon_Itwillgoback_ToNormalsize" time="0.0">
    <skipped/>
  </testcase> <!-- Test_If_When_Click_Again_FullscreenIcon_Itwillgoback_ToNormalsize -->
  <testcase classname="MeetingRooms.aaa0007HostWebinarRoomCurrentAttendeeslist_AND_GlobalChatTestUI" name="Test_If_portletGlobalChat_is_Present" time="0.0">
    <skipped/>
  </testcase> <!-- Test_If_portletGlobalChat_is_Present -->
  <testcase classname="MeetingRooms.aaa0007HostWebinarRoomCurrentAttendeeslist_AND_GlobalChatTestUI" name="Test_If_portletGlobalChat_Title_is_Present" time="0.0">
    <skipped/>
  </testcase> <!-- Test_If_portletGlobalChat_Title_is_Present -->
  <testcase classname="MeetingRooms.aaa0007HostWebinarRoomCurrentAttendeeslist_AND_GlobalChatTestUI" name="Test_If_portletGlobalChat_Title_is_textCorrect" time="0.0">
    <skipped/>
  </testcase> <!-- Test_If_portletGlobalChat_Title_is_textCorrect -->
  <testcase classname="MeetingRooms.aaa0007HostWebinarRoomCurrentAttendeeslist_AND_GlobalChatTestUI" name="Test_If_portletGlobalChat_Title_Icon_is_Present" time="0.0">
    <skipped/>
  </testcase> <!-- Test_If_portletGlobalChat_Title_Icon_is_Present -->
  <testcase classname="MeetingRooms.aaa0007HostWebinarRoomCurrentAttendeeslist_AND_GlobalChatTestUI" name="Test_If_portletGlobalChat_NoNewMessageInfo_is_Present" time="0.0">
    <skipped/>
  </testcase> <!-- Test_If_portletGlobalChat_NoNewMessageInfo_is_Present -->
  <testcase classname="MeetingRooms.aaa0007HostWebinarRoomCurrentAttendeeslist_AND_GlobalChatTestUI" name="Test_If_portletGlobalChat_NoNewMessageInfo_is_textCorrect" time="0.0">
    <skipped/>
  </testcase> <!-- Test_If_portletGlobalChat_NoNewMessageInfo_is_textCorrect -->
  <testcase classname="MeetingRooms.aaa0007HostWebinarRoomCurrentAttendeeslist_AND_GlobalChatTestUI" name="Test_If_SendaMessageInputfield_is_Present" time="0.0">
    <skipped/>
  </testcase> <!-- Test_If_SendaMessageInputfield_is_Present -->
  <testcase classname="MeetingRooms.aaa0007HostWebinarRoomCurrentAttendeeslist_AND_GlobalChatTestUI" name="Test_If_SendaMessageInputfield_is_Enabled" time="0.0">
    <skipped/>
  </testcase> <!-- Test_If_SendaMessageInputfield_is_Enabled -->
  <testcase classname="MeetingRooms.aaa0007HostWebinarRoomCurrentAttendeeslist_AND_GlobalChatTestUI" name="Test_If_SendaMessageInputfield_is_textCorrect" time="0.0">
    <skipped/>
  </testcase> <!-- Test_If_SendaMessageInputfield_is_textCorrect -->
  <testcase classname="MeetingRooms.aaa0007HostWebinarRoomCurrentAttendeeslist_AND_GlobalChatTestUI" name="Test_If_SendButton_is_Present" time="0.0">
    <skipped/>
  </testcase> <!-- Test_If_SendButton_is_Present -->
  <testcase classname="MeetingRooms.aaa0007HostWebinarRoomCurrentAttendeeslist_AND_GlobalChatTestUI" name="Test_If_SendButton_is_Enabled" time="0.0">
    <skipped/>
  </testcase> <!-- Test_If_SendButton_is_Enabled -->
  <testcase classname="MeetingRooms.aaa0007HostWebinarRoomCurrentAttendeeslist_AND_GlobalChatTestUI" name="Test_If_SendButton_Name_is_PresentandCorrect" time="0.0">
    <skipped/>
  </testcase> <!-- Test_If_SendButton_Name_is_PresentandCorrect -->
  <testcase classname="MeetingRooms.aaa0007HostWebinarRoomCurrentAttendeeslist_AND_GlobalChatTestUI" name="Test_If_FullscreenIcon_is_Present" time="0.0">
    <skipped/>
  </testcase> <!-- Test_If_FullscreenIcon_is_Present -->
  <testcase classname="MeetingRooms.aaa0007HostWebinarRoomCurrentAttendeeslist_AND_GlobalChatTestUI" name="Test_If_FullscreenIcon_is_Enabled" time="0.0">
    <skipped/>
  </testcase> <!-- Test_If_FullscreenIcon_is_Enabled -->
  <testcase classname="MeetingRooms.aaa0007HostWebinarRoomCurrentAttendeeslist_AND_GlobalChatTestUI" name="Test_If_When_FullscreenIcon_isClicked_portletGlobalChat_willExpand" time="0.0">
    <skipped/>
  </testcase> <!-- Test_If_When_FullscreenIcon_isClicked_portletGlobalChat_willExpand -->
  <testcase classname="MeetingRooms.aaa0007HostWebinarRoomCurrentAttendeeslist_AND_GlobalChatTestUI" name="Test_If_When_Click_Again_FullscreenIcon_Itwillgoback_ToNormalsizePortletGlobalChat" time="0.0">
    <skipped/>
  </testcase> <!-- Test_If_When_Click_Again_FullscreenIcon_Itwillgoback_ToNormalsizePortletGlobalChat -->
</testsuite> <!-- MeetingRooms -->
