<?xml version="1.0" encoding="UTF-8"?>
<!-- Generated by org.testng.reporters.JUnitXMLReporter -->
<testsuite ignored="0" hostname="DESKTOP-IHTC1M0" failures="0" tests="77" name="Webinars" time="6.037" errors="0" timestamp="2020-12-17T19:49:02 SGT">
  <testcase classname="Webinars.add0001_AddNewWebinarPageTestUI" name="@BeforeTest launchbrowser" time="5.673">
    <failure type="org.openqa.selenium.SessionNotCreatedException" message="session not created
from chrome not reachable
  (Session info: chrome=87.0.4280.88)
Build info: version: &amp;apos;3.141.59&amp;apos;, revision: &amp;apos;e82be7d358&amp;apos;, time: &amp;apos;2018-11-14T08:17:03&amp;apos;
System info: host: &amp;apos;DESKTOP-IHTC1M0&amp;apos;, ip: &amp;apos;192.168.254.144&amp;apos;, os.name: &amp;apos;Windows 10&amp;apos;, os.arch: &amp;apos;amd64&amp;apos;, os.version: &amp;apos;10.0&amp;apos;, java.version: &amp;apos;14.0.2&amp;apos;
Driver info: driver.version: ChromeDriver
remote stacktrace: Backtrace:
	Ordinal0 [0x0057C0C3+3326147]
	Ordinal0 [0x00460851+2164817]
	Ordinal0 [0x002E7140+618816]
	Ordinal0 [0x002DD404+578564]
	Ordinal0 [0x002DDACB+580299]
	Ordinal0 [0x002DED35+585013]
	Ordinal0 [0x002D9D61+564577]
	Ordinal0 [0x002E82C0+623296]
	Ordinal0 [0x00286BDD+224221]
	Ordinal0 [0x00285CAC+220332]
	Ordinal0 [0x0028189B+202907]
	Ordinal0 [0x00263DF4+81396]
	Ordinal0 [0x00264DEE+85486]
	Ordinal0 [0x00264D79+85369]
	Ordinal0 [0x004785DC+2262492]
	GetHandleVerifier [0x00702874+1487204]
	GetHandleVerifier [0x007023CD+1486013]
	GetHandleVerifier [0x0070A368+1518680]
	GetHandleVerifier [0x00702F4E+1488958]
	Ordinal0 [0x0046ED0D+2223373]
	Ordinal0 [0x0047A12B+2269483]
	Ordinal0 [0x0047A26F+2269807]
	Ordinal0 [0x0048ECB8+2354360]
	BaseThreadInitThunk [0x75260419+25]
	RtlGetAppContainerNamedObjectPath [0x776074ED+237]
	RtlGetAppContainerNamedObjectPath [0x776074BD+189]
">
      <![CDATA[org.openqa.selenium.SessionNotCreatedException: session not created
from chrome not reachable
  (Session info: chrome=87.0.4280.88)
Build info: version: '3.141.59', revision: 'e82be7d358', time: '2018-11-14T08:17:03'
System info: host: 'DESKTOP-IHTC1M0', ip: '192.168.254.144', os.name: 'Windows 10', os.arch: 'amd64', os.version: '10.0', java.version: '14.0.2'
Driver info: driver.version: ChromeDriver
remote stacktrace: Backtrace:
Ordinal0 [0x0057C0C3+3326147]
Ordinal0 [0x00460851+2164817]
Ordinal0 [0x002E7140+618816]
Ordinal0 [0x002DD404+578564]
Ordinal0 [0x002DDACB+580299]
Ordinal0 [0x002DED35+585013]
Ordinal0 [0x002D9D61+564577]
Ordinal0 [0x002E82C0+623296]
Ordinal0 [0x00286BDD+224221]
Ordinal0 [0x00285CAC+220332]
Ordinal0 [0x0028189B+202907]
Ordinal0 [0x00263DF4+81396]
Ordinal0 [0x00264DEE+85486]
Ordinal0 [0x00264D79+85369]
Ordinal0 [0x004785DC+2262492]
GetHandleVerifier [0x00702874+1487204]
GetHandleVerifier [0x007023CD+1486013]
GetHandleVerifier [0x0070A368+1518680]
GetHandleVerifier [0x00702F4E+1488958]
Ordinal0 [0x0046ED0D+2223373]
Ordinal0 [0x0047A12B+2269483]
Ordinal0 [0x0047A26F+2269807]
Ordinal0 [0x0048ECB8+2354360]
BaseThreadInitThunk [0x75260419+25]
RtlGetAppContainerNamedObjectPath [0x776074ED+237]
RtlGetAppContainerNamedObjectPath [0x776074BD+189]

at org.openqa.selenium.remote.W3CHandshakeResponse.lambda$errorHandler$0(W3CHandshakeResponse.java:62)
at org.openqa.selenium.remote.HandshakeResponse.lambda$getResponseFunction$0(HandshakeResponse.java:30)
at org.openqa.selenium.remote.ProtocolHandshake.lambda$createSession$0(ProtocolHandshake.java:126)
at java.base/java.util.stream.ReferencePipeline$3$1.accept(ReferencePipeline.java:195)
at java.base/java.util.Spliterators$ArraySpliterator.tryAdvance(Spliterators.java:958)
at java.base/java.util.stream.ReferencePipeline.forEachWithCancel(ReferencePipeline.java:127)
at java.base/java.util.stream.AbstractPipeline.copyIntoWithCancel(AbstractPipeline.java:502)
at java.base/java.util.stream.AbstractPipeline.copyInto(AbstractPipeline.java:488)
at java.base/java.util.stream.AbstractPipeline.wrapAndCopyInto(AbstractPipeline.java:474)
at java.base/java.util.stream.FindOps$FindOp.evaluateSequential(FindOps.java:150)
at java.base/java.util.stream.AbstractPipeline.evaluate(AbstractPipeline.java:234)
at java.base/java.util.stream.ReferencePipeline.findFirst(ReferencePipeline.java:543)
at org.openqa.selenium.remote.ProtocolHandshake.createSession(ProtocolHandshake.java:128)
at org.openqa.selenium.remote.ProtocolHandshake.createSession(ProtocolHandshake.java:74)
at org.openqa.selenium.remote.HttpCommandExecutor.execute(HttpCommandExecutor.java:136)
at org.openqa.selenium.remote.service.DriverCommandExecutor.execute(DriverCommandExecutor.java:83)
at org.openqa.selenium.remote.RemoteWebDriver.execute(RemoteWebDriver.java:552)
at org.openqa.selenium.remote.RemoteWebDriver.startSession(RemoteWebDriver.java:213)
at org.openqa.selenium.remote.RemoteWebDriver.<init>(RemoteWebDriver.java:131)
at org.openqa.selenium.chrome.ChromeDriver.<init>(ChromeDriver.java:181)
at org.openqa.selenium.chrome.ChromeDriver.<init>(ChromeDriver.java:168)
at org.openqa.selenium.chrome.ChromeDriver.<init>(ChromeDriver.java:157)
at Webinars.add0001_AddNewWebinarPageTestUI.launchbrowser(add0001_AddNewWebinarPageTestUI.java:55)
... Removed 29 stack frames]]>
    </failure>
  </testcase> <!-- @BeforeTest launchbrowser -->
  <testcase classname="Webinars.add0001_AddNewWebinarPageTestUI" name="@AfterMethod tearDown" time="-1.608205742236E9">
    <skipped/>
  </testcase> <!-- @AfterMethod tearDown -->
  <testcase classname="Webinars.add0001_AddNewWebinarPageTestUI" name="@AfterMethod tearDown" time="-1.608205742239E9">
    <skipped/>
  </testcase> <!-- @AfterMethod tearDown -->
  <testcase classname="Webinars.add0001_AddNewWebinarPageTestUI" name="@AfterMethod tearDown" time="-1.608205742243E9">
    <skipped/>
  </testcase> <!-- @AfterMethod tearDown -->
  <testcase classname="Webinars.add0001_AddNewWebinarPageTestUI" name="@AfterMethod tearDown" time="-1.608205742246E9">
    <skipped/>
  </testcase> <!-- @AfterMethod tearDown -->
  <testcase classname="Webinars.add0001_AddNewWebinarPageTestUI" name="@AfterMethod tearDown" time="-1.60820574225E9">
    <skipped/>
  </testcase> <!-- @AfterMethod tearDown -->
  <testcase classname="Webinars.add0001_AddNewWebinarPageTestUI" name="@AfterMethod tearDown" time="-1.608205742253E9">
    <skipped/>
  </testcase> <!-- @AfterMethod tearDown -->
  <testcase classname="Webinars.add0001_AddNewWebinarPageTestUI" name="@AfterMethod tearDown" time="-1.608205742256E9">
    <skipped/>
  </testcase> <!-- @AfterMethod tearDown -->
  <testcase classname="Webinars.add0001_AddNewWebinarPageTestUI" name="@AfterMethod tearDown" time="-1.60820574226E9">
    <skipped/>
  </testcase> <!-- @AfterMethod tearDown -->
  <testcase classname="Webinars.add0001_AddNewWebinarPageTestUI" name="@AfterMethod tearDown" time="-1.608205742263E9">
    <skipped/>
  </testcase> <!-- @AfterMethod tearDown -->
  <testcase classname="Webinars.add0001_AddNewWebinarPageTestUI" name="@AfterMethod tearDown" time="-1.608205742266E9">
    <skipped/>
  </testcase> <!-- @AfterMethod tearDown -->
  <testcase classname="Webinars.add0001_AddNewWebinarPageTestUI" name="@AfterMethod tearDown" time="-1.60820574227E9">
    <skipped/>
  </testcase> <!-- @AfterMethod tearDown -->
  <testcase classname="Webinars.add0001_AddNewWebinarPageTestUI" name="@AfterMethod tearDown" time="-1.608205742274E9">
    <skipped/>
  </testcase> <!-- @AfterMethod tearDown -->
  <testcase classname="Webinars.add0001_AddNewWebinarPageTestUI" name="@AfterMethod tearDown" time="-1.608205742277E9">
    <skipped/>
  </testcase> <!-- @AfterMethod tearDown -->
  <testcase classname="Webinars.add0001_AddNewWebinarPageTestUI" name="@AfterMethod tearDown" time="-1.608205742282E9">
    <skipped/>
  </testcase> <!-- @AfterMethod tearDown -->
  <testcase classname="Webinars.add0001_AddNewWebinarPageTestUI" name="@AfterMethod tearDown" time="-1.608205742311E9">
    <skipped/>
  </testcase> <!-- @AfterMethod tearDown -->
  <testcase classname="Webinars.add0001_AddNewWebinarPageTestUI" name="@AfterMethod tearDown" time="-1.608205742315E9">
    <skipped/>
  </testcase> <!-- @AfterMethod tearDown -->
  <testcase classname="Webinars.add0001_AddNewWebinarPageTestUI" name="@AfterMethod tearDown" time="-1.608205742319E9">
    <skipped/>
  </testcase> <!-- @AfterMethod tearDown -->
  <testcase classname="Webinars.add0001_AddNewWebinarPageTestUI" name="@AfterMethod tearDown" time="-1.608205742331E9">
    <skipped/>
  </testcase> <!-- @AfterMethod tearDown -->
  <testcase classname="Webinars.add0001_AddNewWebinarPageTestUI" name="@AfterMethod tearDown" time="-1.608205742334E9">
    <skipped/>
  </testcase> <!-- @AfterMethod tearDown -->
  <testcase classname="Webinars.add0001_AddNewWebinarPageTestUI" name="@AfterMethod tearDown" time="-1.608205742345E9">
    <skipped/>
  </testcase> <!-- @AfterMethod tearDown -->
  <testcase classname="Webinars.add0001_AddNewWebinarPageTestUI" name="@AfterMethod tearDown" time="-1.608205742352E9">
    <skipped/>
  </testcase> <!-- @AfterMethod tearDown -->
  <testcase classname="Webinars.add0001_AddNewWebinarPageTestUI" name="@AfterMethod tearDown" time="-1.608205742356E9">
    <skipped/>
  </testcase> <!-- @AfterMethod tearDown -->
  <testcase classname="Webinars.add0001_AddNewWebinarPageTestUI" name="@AfterMethod tearDown" time="-1.60820574236E9">
    <skipped/>
  </testcase> <!-- @AfterMethod tearDown -->
  <testcase classname="Webinars.add0001_AddNewWebinarPageTestUI" name="@AfterMethod tearDown" time="-1.608205742363E9">
    <skipped/>
  </testcase> <!-- @AfterMethod tearDown -->
  <testcase classname="Webinars.add0001_AddNewWebinarPageTestUI" name="@AfterMethod tearDown" time="-1.608205742365E9">
    <skipped/>
  </testcase> <!-- @AfterMethod tearDown -->
  <testcase classname="Webinars.add0001_AddNewWebinarPageTestUI" name="@AfterMethod tearDown" time="-1.608205742368E9">
    <skipped/>
  </testcase> <!-- @AfterMethod tearDown -->
  <testcase classname="Webinars.add0001_AddNewWebinarPageTestUI" name="@AfterMethod tearDown" time="-1.608205742372E9">
    <skipped/>
  </testcase> <!-- @AfterMethod tearDown -->
  <testcase classname="Webinars.add0001_AddNewWebinarPageTestUI" name="@AfterMethod tearDown" time="-1.608205742375E9">
    <skipped/>
  </testcase> <!-- @AfterMethod tearDown -->
  <testcase classname="Webinars.add0001_AddNewWebinarPageTestUI" name="@AfterMethod tearDown" time="-1.608205742378E9">
    <skipped/>
  </testcase> <!-- @AfterMethod tearDown -->
  <testcase classname="Webinars.add0001_AddNewWebinarPageTestUI" name="@AfterMethod tearDown" time="-1.608205742381E9">
    <skipped/>
  </testcase> <!-- @AfterMethod tearDown -->
  <testcase classname="Webinars.add0001_AddNewWebinarPageTestUI" name="@AfterMethod tearDown" time="-1.608205742384E9">
    <skipped/>
  </testcase> <!-- @AfterMethod tearDown -->
  <testcase classname="Webinars.add0001_AddNewWebinarPageTestUI" name="@AfterMethod tearDown" time="-1.608205742388E9">
    <skipped/>
  </testcase> <!-- @AfterMethod tearDown -->
  <testcase classname="Webinars.add0001_AddNewWebinarPageTestUI" name="@AfterMethod tearDown" time="-1.608205742391E9">
    <skipped/>
  </testcase> <!-- @AfterMethod tearDown -->
  <testcase classname="Webinars.add0001_AddNewWebinarPageTestUI" name="@AfterMethod tearDown" time="-1.608205742394E9">
    <skipped/>
  </testcase> <!-- @AfterMethod tearDown -->
  <testcase classname="Webinars.add0001_AddNewWebinarPageTestUI" name="@AfterMethod tearDown" time="-1.608205742397E9">
    <skipped/>
  </testcase> <!-- @AfterMethod tearDown -->
  <testcase classname="Webinars.add0001_AddNewWebinarPageTestUI" name="@AfterMethod tearDown" time="-1.608205742401E9">
    <skipped/>
  </testcase> <!-- @AfterMethod tearDown -->
  <testcase classname="Webinars.add0001_AddNewWebinarPageTestUI" name="@AfterMethod tearDown" time="-1.608205742405E9">
    <skipped/>
  </testcase> <!-- @AfterMethod tearDown -->
  <testcase classname="Webinars.add0001_AddNewWebinarPageTestUI" name="@AfterMethod tearDown" time="-1.608205742409E9">
    <skipped/>
  </testcase> <!-- @AfterMethod tearDown -->
  <testcase classname="Webinars.add0001_AddNewWebinarPageTestUI" name="@AfterMethod tearDown" time="-1.608205742412E9">
    <skipped/>
  </testcase> <!-- @AfterMethod tearDown -->
  <testcase classname="Webinars.add0001_AddNewWebinarPageTestUI" name="@AfterMethod tearDown" time="-1.608205742415E9">
    <skipped/>
  </testcase> <!-- @AfterMethod tearDown -->
  <testcase classname="Webinars.add0001_AddNewWebinarPageTestUI" name="@AfterMethod tearDown" time="-1.60820574242E9">
    <skipped/>
  </testcase> <!-- @AfterMethod tearDown -->
  <testcase classname="Webinars.add0001_AddNewWebinarPageTestUI" name="@AfterMethod tearDown" time="-1.608205742423E9">
    <skipped/>
  </testcase> <!-- @AfterMethod tearDown -->
  <testcase classname="Webinars.add0001_AddNewWebinarPageTestUI" name="@AfterMethod tearDown" time="-1.608205742427E9">
    <skipped/>
  </testcase> <!-- @AfterMethod tearDown -->
  <testcase classname="Webinars.add0001_AddNewWebinarPageTestUI" name="@AfterMethod tearDown" time="-1.608205742431E9">
    <skipped/>
  </testcase> <!-- @AfterMethod tearDown -->
  <testcase classname="Webinars.add0001_AddNewWebinarPageTestUI" name="@AfterMethod tearDown" time="-1.608205742436E9">
    <skipped/>
  </testcase> <!-- @AfterMethod tearDown -->
  <testcase classname="Webinars.add0001_AddNewWebinarPageTestUI" name="@AfterMethod tearDown" time="-1.60820574244E9">
    <skipped/>
  </testcase> <!-- @AfterMethod tearDown -->
  <testcase classname="Webinars.add0001_AddNewWebinarPageTestUI" name="@AfterMethod tearDown" time="-1.608205742446E9">
    <skipped/>
  </testcase> <!-- @AfterMethod tearDown -->
  <testcase classname="Webinars.add0001_AddNewWebinarPageTestUI" name="@AfterMethod tearDown" time="-1.608205742451E9">
    <skipped/>
  </testcase> <!-- @AfterMethod tearDown -->
  <testcase classname="Webinars.add0001_AddNewWebinarPageTestUI" name="@AfterMethod tearDown" time="-1.60820574246E9">
    <skipped/>
  </testcase> <!-- @AfterMethod tearDown -->
  <testcase classname="Webinars.add0001_AddNewWebinarPageTestUI" name="@AfterMethod tearDown" time="-1.608205742465E9">
    <skipped/>
  </testcase> <!-- @AfterMethod tearDown -->
  <testcase classname="Webinars.add0001_AddNewWebinarPageTestUI" name="@AfterMethod tearDown" time="-1.608205742469E9">
    <skipped/>
  </testcase> <!-- @AfterMethod tearDown -->
  <testcase classname="Webinars.add0001_AddNewWebinarPageTestUI" name="@AfterMethod tearDown" time="-1.608205742472E9">
    <skipped/>
  </testcase> <!-- @AfterMethod tearDown -->
  <testcase classname="Webinars.add0001_AddNewWebinarPageTestUI" name="@AfterMethod tearDown" time="-1.608205742476E9">
    <skipped/>
  </testcase> <!-- @AfterMethod tearDown -->
  <testcase classname="Webinars.add0001_AddNewWebinarPageTestUI" name="@AfterMethod tearDown" time="-1.60820574248E9">
    <skipped/>
  </testcase> <!-- @AfterMethod tearDown -->
  <testcase classname="Webinars.add0001_AddNewWebinarPageTestUI" name="@AfterMethod tearDown" time="-1.608205742483E9">
    <skipped/>
  </testcase> <!-- @AfterMethod tearDown -->
  <testcase classname="Webinars.add0001_AddNewWebinarPageTestUI" name="@AfterMethod tearDown" time="-1.608205742486E9">
    <skipped/>
  </testcase> <!-- @AfterMethod tearDown -->
  <testcase classname="Webinars.add0001_AddNewWebinarPageTestUI" name="@AfterMethod tearDown" time="-1.608205742493E9">
    <skipped/>
  </testcase> <!-- @AfterMethod tearDown -->
  <testcase classname="Webinars.add0001_AddNewWebinarPageTestUI" name="@AfterMethod tearDown" time="-1.608205742498E9">
    <skipped/>
  </testcase> <!-- @AfterMethod tearDown -->
  <testcase classname="Webinars.add0001_AddNewWebinarPageTestUI" name="@AfterMethod tearDown" time="-1.608205742504E9">
    <skipped/>
  </testcase> <!-- @AfterMethod tearDown -->
  <testcase classname="Webinars.add0001_AddNewWebinarPageTestUI" name="@AfterMethod tearDown" time="-1.608205742508E9">
    <skipped/>
  </testcase> <!-- @AfterMethod tearDown -->
  <testcase classname="Webinars.add0001_AddNewWebinarPageTestUI" name="@AfterMethod tearDown" time="-1.608205742512E9">
    <skipped/>
  </testcase> <!-- @AfterMethod tearDown -->
  <testcase classname="Webinars.add0001_AddNewWebinarPageTestUI" name="@AfterMethod tearDown" time="-1.608205742516E9">
    <skipped/>
  </testcase> <!-- @AfterMethod tearDown -->
  <testcase classname="Webinars.add0001_AddNewWebinarPageTestUI" name="@AfterMethod tearDown" time="-1.60820574252E9">
    <skipped/>
  </testcase> <!-- @AfterMethod tearDown -->
  <testcase classname="Webinars.add0001_AddNewWebinarPageTestUI" name="@AfterMethod tearDown" time="-1.608205742524E9">
    <skipped/>
  </testcase> <!-- @AfterMethod tearDown -->
  <testcase classname="Webinars.add0001_AddNewWebinarPageTestUI" name="@AfterMethod tearDown" time="-1.608205742529E9">
    <skipped/>
  </testcase> <!-- @AfterMethod tearDown -->
  <testcase classname="Webinars.add0001_AddNewWebinarPageTestUI" name="@AfterMethod tearDown" time="-1.608205742535E9">
    <skipped/>
  </testcase> <!-- @AfterMethod tearDown -->
  <testcase classname="Webinars.add0001_AddNewWebinarPageTestUI" name="@AfterMethod tearDown" time="-1.60820574254E9">
    <skipped/>
  </testcase> <!-- @AfterMethod tearDown -->
  <testcase classname="Webinars.add0001_AddNewWebinarPageTestUI" name="@AfterMethod tearDown" time="-1.608205742544E9">
    <skipped/>
  </testcase> <!-- @AfterMethod tearDown -->
  <testcase classname="Webinars.add0001_AddNewWebinarPageTestUI" name="@AfterMethod tearDown" time="-1.608205742548E9">
    <skipped/>
  </testcase> <!-- @AfterMethod tearDown -->
  <testcase classname="Webinars.add0001_AddNewWebinarPageTestUI" name="@AfterMethod tearDown" time="-1.608205742552E9">
    <skipped/>
  </testcase> <!-- @AfterMethod tearDown -->
  <testcase classname="Webinars.add0001_AddNewWebinarPageTestUI" name="@AfterMethod tearDown" time="-1.608205742556E9">
    <skipped/>
  </testcase> <!-- @AfterMethod tearDown -->
  <testcase classname="Webinars.add0001_AddNewWebinarPageTestUI" name="@AfterMethod tearDown" time="-1.60820574256E9">
    <skipped/>
  </testcase> <!-- @AfterMethod tearDown -->
  <testcase classname="Webinars.add0001_AddNewWebinarPageTestUI" name="@AfterMethod tearDown" time="-1.608205742567E9">
    <skipped/>
  </testcase> <!-- @AfterMethod tearDown -->
  <testcase classname="Webinars.add0001_AddNewWebinarPageTestUI" name="@AfterMethod tearDown" time="-1.608205742571E9">
    <skipped/>
  </testcase> <!-- @AfterMethod tearDown -->
  <testcase classname="Webinars.add0001_AddNewWebinarPageTestUI" name="@AfterMethod tearDown" time="-1.608205742575E9">
    <skipped/>
  </testcase> <!-- @AfterMethod tearDown -->
  <testcase classname="Webinars.add0001_AddNewWebinarPageTestUI" name="@AfterMethod tearDown" time="-1.608205742586E9">
    <skipped/>
  </testcase> <!-- @AfterMethod tearDown -->
  <testcase classname="Webinars.add0001_AddNewWebinarPageTestUI" name="@AfterMethod tearDown" time="-1.60820574259E9">
    <skipped/>
  </testcase> <!-- @AfterMethod tearDown -->
  <testcase classname="Webinars.add0001_AddNewWebinarPageTestUI" name="@AfterTest aftertest" time="-1.608205742591E9">
    <skipped/>
  </testcase> <!-- @AfterTest aftertest -->
  <testcase classname="Webinars.add0001_AddNewWebinarPageTestUI" name="Test_If_AddWebinar_Is_Click_It_WillGo_To_AddWebinarPage" time="0.0">
    <skipped/>
  </testcase> <!-- Test_If_AddWebinar_Is_Click_It_WillGo_To_AddWebinarPage -->
  <testcase classname="Webinars.add0001_AddNewWebinarPageTestUI" name="Test_If_PageTitle_Is_Present" time="0.0">
    <skipped/>
  </testcase> <!-- Test_If_PageTitle_Is_Present -->
  <testcase classname="Webinars.add0001_AddNewWebinarPageTestUI" name="Test_If_PageTitle_Is_Correct" time="0.0">
    <skipped/>
  </testcase> <!-- Test_If_PageTitle_Is_Correct -->
  <testcase classname="Webinars.add0001_AddNewWebinarPageTestUI" name="Test_If_AccordionTitle_Is_Present" time="0.0">
    <skipped/>
  </testcase> <!-- Test_If_AccordionTitle_Is_Present -->
  <testcase classname="Webinars.add0001_AddNewWebinarPageTestUI" name="Test_If_AccordionTitle_Is_Correct" time="0.0">
    <skipped/>
  </testcase> <!-- Test_If_AccordionTitle_Is_Correct -->
  <testcase classname="Webinars.add0001_AddNewWebinarPageTestUI" name="Test_If_AdelineTemplate_IsPresent" time="0.0">
    <skipped/>
  </testcase> <!-- Test_If_AdelineTemplate_IsPresent -->
  <testcase classname="Webinars.add0001_AddNewWebinarPageTestUI" name="Test_If_AdelineTemplate_Has_TemplateTitle" time="0.0">
    <skipped/>
  </testcase> <!-- Test_If_AdelineTemplate_Has_TemplateTitle -->
  <testcase classname="Webinars.add0001_AddNewWebinarPageTestUI" name="Test_If_AdelineTemplate_TemplatTitle_Is_Correct" time="0.0">
    <skipped/>
  </testcase> <!-- Test_If_AdelineTemplate_TemplatTitle_Is_Correct -->
  <testcase classname="Webinars.add0001_AddNewWebinarPageTestUI" name="Test_If_AdelineTemplate_Has_subTitle" time="0.0">
    <skipped/>
  </testcase> <!-- Test_If_AdelineTemplate_Has_subTitle -->
  <testcase classname="Webinars.add0001_AddNewWebinarPageTestUI" name="Test_If_AdelineTemplate_subTitle_Is_Correct" time="0.0">
    <skipped/>
  </testcase> <!-- Test_If_AdelineTemplate_subTitle_Is_Correct -->
  <testcase classname="Webinars.add0001_AddNewWebinarPageTestUI" name="Test_If_USEADELINE_button_Is_Present" time="0.0">
    <skipped/>
  </testcase> <!-- Test_If_USEADELINE_button_Is_Present -->
  <testcase classname="Webinars.add0001_AddNewWebinarPageTestUI" name="Test_If_USEADELINE_button_Has_Name" time="0.0">
    <skipped/>
  </testcase> <!-- Test_If_USEADELINE_button_Has_Name -->
  <testcase classname="Webinars.add0001_AddNewWebinarPageTestUI" name="Test_If_USEADELINE_button_Is_Enabled" time="0.0">
    <skipped/>
  </testcase> <!-- Test_If_USEADELINE_button_Is_Enabled -->
  <testcase classname="Webinars.add0001_AddNewWebinarPageTestUI" name="Test_If_USEADELINE_button_Has_IconBeside" time="0.0">
    <skipped/>
  </testcase> <!-- Test_If_USEADELINE_button_Has_IconBeside -->
  <testcase classname="Webinars.add0001_AddNewWebinarPageTestUI" name="Test_If_MesaTemplate_Is_Present" time="0.0">
    <skipped/>
  </testcase> <!-- Test_If_MesaTemplate_Is_Present -->
  <testcase classname="Webinars.add0001_AddNewWebinarPageTestUI" name="Test_If_MesaTemplate_Has_TemplateTitle" time="0.0">
    <skipped/>
  </testcase> <!-- Test_If_MesaTemplate_Has_TemplateTitle -->
  <testcase classname="Webinars.add0001_AddNewWebinarPageTestUI" name="Test_If_MesaTemplate_TemplateTitle_Is_Correct" time="0.0">
    <skipped/>
  </testcase> <!-- Test_If_MesaTemplate_TemplateTitle_Is_Correct -->
  <testcase classname="Webinars.add0001_AddNewWebinarPageTestUI" name="Test_If_MesaTemplate_Has_subTitle" time="0.0">
    <skipped/>
  </testcase> <!-- Test_If_MesaTemplate_Has_subTitle -->
  <testcase classname="Webinars.add0001_AddNewWebinarPageTestUI" name="Test_If_MesaTemplate_subTitle_Is_Correct" time="0.0">
    <skipped/>
  </testcase> <!-- Test_If_MesaTemplate_subTitle_Is_Correct -->
  <testcase classname="Webinars.add0001_AddNewWebinarPageTestUI" name="Test_If_USEMESA_button_Is_Present" time="0.0">
    <skipped/>
  </testcase> <!-- Test_If_USEMESA_button_Is_Present -->
  <testcase classname="Webinars.add0001_AddNewWebinarPageTestUI" name="Test_If_USEMESA_button_Has_Name" time="0.0">
    <skipped/>
  </testcase> <!-- Test_If_USEMESA_button_Has_Name -->
  <testcase classname="Webinars.add0001_AddNewWebinarPageTestUI" name="Test_If_USEMESA_button_Is_Enabled" time="0.0">
    <skipped/>
  </testcase> <!-- Test_If_USEMESA_button_Is_Enabled -->
  <testcase classname="Webinars.add0001_AddNewWebinarPageTestUI" name="Test_If_USEMESA_button_Has_IconBeside" time="0.0">
    <skipped/>
  </testcase> <!-- Test_If_USEMESA_button_Has_IconBeside -->
  <testcase classname="Webinars.add0001_AddNewWebinarPageTestUI" name="Test_If_BelmontTemplate_Is_Present" time="0.0">
    <skipped/>
  </testcase> <!-- Test_If_BelmontTemplate_Is_Present -->
  <testcase classname="Webinars.add0001_AddNewWebinarPageTestUI" name="Test_If_BelmontTemplate_Has_TemplateTitle" time="0.0">
    <skipped/>
  </testcase> <!-- Test_If_BelmontTemplate_Has_TemplateTitle -->
  <testcase classname="Webinars.add0001_AddNewWebinarPageTestUI" name="Test_If_BelmontTemplate_TemplateTitle_Is_Correct" time="0.0">
    <skipped/>
  </testcase> <!-- Test_If_BelmontTemplate_TemplateTitle_Is_Correct -->
  <testcase classname="Webinars.add0001_AddNewWebinarPageTestUI" name="Test_If_BelmontTemplate_Has_subTitle" time="0.0">
    <skipped/>
  </testcase> <!-- Test_If_BelmontTemplate_Has_subTitle -->
  <testcase classname="Webinars.add0001_AddNewWebinarPageTestUI" name="Test_If_BelmontTemplate_subTitle_Is_Correct" time="0.0">
    <skipped/>
  </testcase> <!-- Test_If_BelmontTemplate_subTitle_Is_Correct -->
  <testcase classname="Webinars.add0001_AddNewWebinarPageTestUI" name="Test_If_USEBELMONT_button_Is_Present" time="0.0">
    <skipped/>
  </testcase> <!-- Test_If_USEBELMONT_button_Is_Present -->
  <testcase classname="Webinars.add0001_AddNewWebinarPageTestUI" name="Test_If_USEBELMONT_button_Has_Name" time="0.0">
    <skipped/>
  </testcase> <!-- Test_If_USEBELMONT_button_Has_Name -->
  <testcase classname="Webinars.add0001_AddNewWebinarPageTestUI" name="Test_If_USEBELMONT_button_Is_Enabled" time="0.0">
    <skipped/>
  </testcase> <!-- Test_If_USEBELMONT_button_Is_Enabled -->
  <testcase classname="Webinars.add0001_AddNewWebinarPageTestUI" name="Test_If_USEBELMONT_button_Has_IconBeside" time="0.0">
    <skipped/>
  </testcase> <!-- Test_If_USEBELMONT_button_Has_IconBeside -->
  <testcase classname="Webinars.add0001_AddNewWebinarPageTestUI" name="Test_If_OakTemplate_Is_Present" time="0.001">
    <skipped/>
  </testcase> <!-- Test_If_OakTemplate_Is_Present -->
  <testcase classname="Webinars.add0001_AddNewWebinarPageTestUI" name="Test_If_OakTemplate_Has_TemplateTitle" time="0.0">
    <skipped/>
  </testcase> <!-- Test_If_OakTemplate_Has_TemplateTitle -->
  <testcase classname="Webinars.add0001_AddNewWebinarPageTestUI" name="Test_If_OakTemplate_TemplateTitle_Is_Correct" time="0.0">
    <skipped/>
  </testcase> <!-- Test_If_OakTemplate_TemplateTitle_Is_Correct -->
  <testcase classname="Webinars.add0001_AddNewWebinarPageTestUI" name="Test_If_OakTemplate_Has_subTitle" time="0.0">
    <skipped/>
  </testcase> <!-- Test_If_OakTemplate_Has_subTitle -->
  <testcase classname="Webinars.add0001_AddNewWebinarPageTestUI" name="Test_If_OakTemplate_subTitle_Is_Correct" time="0.0">
    <skipped/>
  </testcase> <!-- Test_If_OakTemplate_subTitle_Is_Correct -->
  <testcase classname="Webinars.add0001_AddNewWebinarPageTestUI" name="Test_If_USEOAK_button_Is_Present" time="0.0">
    <skipped/>
  </testcase> <!-- Test_If_USEOAK_button_Is_Present -->
  <testcase classname="Webinars.add0001_AddNewWebinarPageTestUI" name="Test_If_USEOAK_button_Has_Name" time="0.0">
    <skipped/>
  </testcase> <!-- Test_If_USEOAK_button_Has_Name -->
  <testcase classname="Webinars.add0001_AddNewWebinarPageTestUI" name="Test_If_USEOAK_button_Is_Enabled" time="0.0">
    <skipped/>
  </testcase> <!-- Test_If_USEOAK_button_Is_Enabled -->
  <testcase classname="Webinars.add0001_AddNewWebinarPageTestUI" name="Test_If_USEOAK_button_Has_IconBeside" time="0.0">
    <skipped/>
  </testcase> <!-- Test_If_USEOAK_button_Has_IconBeside -->
  <testcase classname="Webinars.add0001_AddNewWebinarPageTestUI" name="Test_If_NexGenTemplate_Is_Present" time="0.0">
    <skipped/>
  </testcase> <!-- Test_If_NexGenTemplate_Is_Present -->
  <testcase classname="Webinars.add0001_AddNewWebinarPageTestUI" name="Test_If_NexGenTemplate_Has_TemplateTitle" time="0.0">
    <skipped/>
  </testcase> <!-- Test_If_NexGenTemplate_Has_TemplateTitle -->
  <testcase classname="Webinars.add0001_AddNewWebinarPageTestUI" name="Test_If_NexGenTemplate_TemplateTitle_Is_Correct" time="0.0">
    <skipped/>
  </testcase> <!-- Test_If_NexGenTemplate_TemplateTitle_Is_Correct -->
  <testcase classname="Webinars.add0001_AddNewWebinarPageTestUI" name="Test_If_NexGenTemplate_Has_subTitle" time="0.0">
    <skipped/>
  </testcase> <!-- Test_If_NexGenTemplate_Has_subTitle -->
  <testcase classname="Webinars.add0001_AddNewWebinarPageTestUI" name="Test_If_NexGenTemplate_subTitle_Is_Correct" time="0.0">
    <skipped/>
  </testcase> <!-- Test_If_NexGenTemplate_subTitle_Is_Correct -->
  <testcase classname="Webinars.add0001_AddNewWebinarPageTestUI" name="Test_If_USENEXGEN_button_Is_Present" time="0.0">
    <skipped/>
  </testcase> <!-- Test_If_USENEXGEN_button_Is_Present -->
  <testcase classname="Webinars.add0001_AddNewWebinarPageTestUI" name="Test_If_USENEXGEN_button_Has_Name" time="0.0">
    <skipped/>
  </testcase> <!-- Test_If_USENEXGEN_button_Has_Name -->
  <testcase classname="Webinars.add0001_AddNewWebinarPageTestUI" name="Test_If_USENEXGEN_button_Is_Enabled" time="0.0">
    <skipped/>
  </testcase> <!-- Test_If_USENEXGEN_button_Is_Enabled -->
  <testcase classname="Webinars.add0001_AddNewWebinarPageTestUI" name="Test_If_USENEXGEN_button_Has_IconBeside" time="0.0">
    <skipped/>
  </testcase> <!-- Test_If_USENEXGEN_button_Has_IconBeside -->
  <testcase classname="Webinars.add0001_AddNewWebinarPageTestUI" name="Test_If_ChicagoTemplate_Is_Present" time="0.0">
    <skipped/>
  </testcase> <!-- Test_If_ChicagoTemplate_Is_Present -->
  <testcase classname="Webinars.add0001_AddNewWebinarPageTestUI" name="Test_If_ChicagoTemplate_Has_TemplateTitle" time="0.0">
    <skipped/>
  </testcase> <!-- Test_If_ChicagoTemplate_Has_TemplateTitle -->
  <testcase classname="Webinars.add0001_AddNewWebinarPageTestUI" name="Test_If_ChicagoTemplate_TemplateTitle_Is_Correct" time="0.0">
    <skipped/>
  </testcase> <!-- Test_If_ChicagoTemplate_TemplateTitle_Is_Correct -->
  <testcase classname="Webinars.add0001_AddNewWebinarPageTestUI" name="Test_If_ChicagoTemplate_Has_subTitle" time="0.0">
    <skipped/>
  </testcase> <!-- Test_If_ChicagoTemplate_Has_subTitle -->
  <testcase classname="Webinars.add0001_AddNewWebinarPageTestUI" name="Test_If_ChicagoTemplate_subTitle_Is_Correct" time="0.0">
    <skipped/>
  </testcase> <!-- Test_If_ChicagoTemplate_subTitle_Is_Correct -->
  <testcase classname="Webinars.add0001_AddNewWebinarPageTestUI" name="Test_If_USECHICAGO_button_Is_Present" time="0.0">
    <skipped/>
  </testcase> <!-- Test_If_USECHICAGO_button_Is_Present -->
  <testcase classname="Webinars.add0001_AddNewWebinarPageTestUI" name="Test_If_USECHICAGO_button_Has_Name" time="0.0">
    <skipped/>
  </testcase> <!-- Test_If_USECHICAGO_button_Has_Name -->
  <testcase classname="Webinars.add0001_AddNewWebinarPageTestUI" name="Test_If_USECHICAGO_button_Is_Enabled" time="0.0">
    <skipped/>
  </testcase> <!-- Test_If_USECHICAGO_button_Is_Enabled -->
  <testcase classname="Webinars.add0001_AddNewWebinarPageTestUI" name="Test_If_USECHICAGO_button_Has_IconBeside" time="0.0">
    <skipped/>
  </testcase> <!-- Test_If_USECHICAGO_button_Has_IconBeside -->
  <testcase classname="Webinars.add0001_AddNewWebinarPageTestUI" name="Test_If_ClarkTemplate_Is_Present" time="0.0">
    <skipped/>
  </testcase> <!-- Test_If_ClarkTemplate_Is_Present -->
  <testcase classname="Webinars.add0001_AddNewWebinarPageTestUI" name="Test_If_ClarkTemplate_Has_TemplateTitle" time="0.0">
    <skipped/>
  </testcase> <!-- Test_If_ClarkTemplate_Has_TemplateTitle -->
  <testcase classname="Webinars.add0001_AddNewWebinarPageTestUI" name="Test_If_ClarkTemplate_TemplateTitle_Is_Correct" time="0.0">
    <skipped/>
  </testcase> <!-- Test_If_ClarkTemplate_TemplateTitle_Is_Correct -->
  <testcase classname="Webinars.add0001_AddNewWebinarPageTestUI" name="Test_If_ClarkTemplate_Has_subTitle" time="0.0">
    <skipped/>
  </testcase> <!-- Test_If_ClarkTemplate_Has_subTitle -->
  <testcase classname="Webinars.add0001_AddNewWebinarPageTestUI" name="Test_If_ClarkTemplate_subTitle_Is_Correct" time="0.0">
    <skipped/>
  </testcase> <!-- Test_If_ClarkTemplate_subTitle_Is_Correct -->
  <testcase classname="Webinars.add0001_AddNewWebinarPageTestUI" name="Test_If_USECLARK_button_Is_Present" time="0.0">
    <skipped/>
  </testcase> <!-- Test_If_USECLARK_button_Is_Present -->
  <testcase classname="Webinars.add0001_AddNewWebinarPageTestUI" name="Test_If_USECLARK_button_Has_Name" time="0.0">
    <skipped/>
  </testcase> <!-- Test_If_USECLARK_button_Has_Name -->
  <testcase classname="Webinars.add0001_AddNewWebinarPageTestUI" name="Test_If_USECLARK_button_Is_Enabled" time="0.0">
    <skipped/>
  </testcase> <!-- Test_If_USECLARK_button_Is_Enabled -->
  <testcase classname="Webinars.add0001_AddNewWebinarPageTestUI" name="Test_If_USECLARK_button_Has_IconBeside" time="0.0">
    <skipped/>
  </testcase> <!-- Test_If_USECLARK_button_Has_IconBeside -->
  <testcase classname="Webinars.add0001_AddNewWebinarPageTestUI" name="Test_If_LagunaTemplate_Is_Present" time="0.0">
    <skipped/>
  </testcase> <!-- Test_If_LagunaTemplate_Is_Present -->
  <testcase classname="Webinars.add0001_AddNewWebinarPageTestUI" name="Test_If_LagunaTemplate_Has_TemplateTitle" time="0.0">
    <skipped/>
  </testcase> <!-- Test_If_LagunaTemplate_Has_TemplateTitle -->
  <testcase classname="Webinars.add0001_AddNewWebinarPageTestUI" name="Test_If_LagunaTemplate_TemplateTitle_Is_Correct" time="0.0">
    <skipped/>
  </testcase> <!-- Test_If_LagunaTemplate_TemplateTitle_Is_Correct -->
  <testcase classname="Webinars.add0001_AddNewWebinarPageTestUI" name="Test_If_LagunaTemplate_Has_subTitle" time="0.0">
    <skipped/>
  </testcase> <!-- Test_If_LagunaTemplate_Has_subTitle -->
  <testcase classname="Webinars.add0001_AddNewWebinarPageTestUI" name="Test_If_LagunaTemplate_subTitle_Is_Correct" time="0.0">
    <skipped/>
  </testcase> <!-- Test_If_LagunaTemplate_subTitle_Is_Correct -->
  <testcase classname="Webinars.add0001_AddNewWebinarPageTestUI" name="Test_If_USELAGUNA_button_Is_Present" time="0.001">
    <skipped/>
  </testcase> <!-- Test_If_USELAGUNA_button_Is_Present -->
  <testcase classname="Webinars.add0001_AddNewWebinarPageTestUI" name="Test_If_USELAGUNA_button_Has_Name" time="0.0">
    <skipped/>
  </testcase> <!-- Test_If_USELAGUNA_button_Has_Name -->
  <testcase classname="Webinars.add0001_AddNewWebinarPageTestUI" name="Test_If_USELAGUNA_button_Is_Enabled" time="0.0">
    <skipped/>
  </testcase> <!-- Test_If_USELAGUNA_button_Is_Enabled -->
  <testcase classname="Webinars.add0001_AddNewWebinarPageTestUI" name="Test_If_USELAGUNA_button_Has_IconBeside" time="0.0">
    <skipped/>
  </testcase> <!-- Test_If_USELAGUNA_button_Has_IconBeside -->
</testsuite> <!-- Webinars -->
