<?xml version="1.0" encoding="UTF-8"?>
<testsuite name="Dashboard"
           tests="128"
           failures="1"
           errors="0"
           skipped="127"
           time="-102925167071.116">
  <properties />
            <testcase name="launchbrowser" time="5.385" classname="Dashboard.aaa0001dashboardMenuUITest">
                <failure type="org.openqa.selenium.SessionNotCreatedException"
                  message="session not created
from chrome not reachable
  (Session info: chrome=87.0.4280.88)
Build info: version: &apos;3.141.59&apos;, revision: &apos;e82be7d358&apos;, time: &apos;2018-11-14T08:17:03&apos;
System info: host: &apos;DESKTOP-IHTC1M0&apos;, ip: &apos;192.168.254.144&apos;, os.name: &apos;Windows 10&apos;, os.arch: &apos;amd64&apos;, os.version: &apos;10.0&apos;, java.version: &apos;14.0.2&apos;
Driver info: driver.version: ChromeDriver
remote stacktrace: Backtrace:
	Ordinal0 [0x0057C0C3+3326147]
	Ordinal0 [0x00460851+2164817]
	Ordinal0 [0x002E7140+618816]
	Ordinal0 [0x002DD404+578564]
	Ordinal0 [0x002DDACB+580299]
	Ordinal0 [0x002DED35+585013]
	Ordinal0 [0x002D9D61+564577]
	Ordinal0 [0x002E82C0+623296]
	Ordinal0 [0x00286BDD+224221]
	Ordinal0 [0x00285CAC+220332]
	Ordinal0 [0x0028189B+202907]
	Ordinal0 [0x00263DF4+81396]
	Ordinal0 [0x00264DEE+85486]
	Ordinal0 [0x00264D79+85369]
	Ordinal0 [0x004785DC+2262492]
	GetHandleVerifier [0x00702874+1487204]
	GetHandleVerifier [0x007023CD+1486013]
	GetHandleVerifier [0x0070A368+1518680]
	GetHandleVerifier [0x00702F4E+1488958]
	Ordinal0 [0x0046ED0D+2223373]
	Ordinal0 [0x0047A12B+2269483]
	Ordinal0 [0x0047A26F+2269807]
	Ordinal0 [0x0048ECB8+2354360]
	BaseThreadInitThunk [0x75260419+25]
	RtlGetAppContainerNamedObjectPath [0x776074ED+237]
	RtlGetAppContainerNamedObjectPath [0x776074BD+189]
"
              >
<![CDATA[org.openqa.selenium.SessionNotCreatedException: session not created
from chrome not reachable
  (Session info: chrome=87.0.4280.88)
Build info: version: '3.141.59', revision: 'e82be7d358', time: '2018-11-14T08:17:03'
System info: host: 'DESKTOP-IHTC1M0', ip: '192.168.254.144', os.name: 'Windows 10', os.arch: 'amd64', os.version: '10.0', java.version: '14.0.2'
Driver info: driver.version: ChromeDriver
remote stacktrace: Backtrace:
	Ordinal0 [0x0057C0C3+3326147]
	Ordinal0 [0x00460851+2164817]
	Ordinal0 [0x002E7140+618816]
	Ordinal0 [0x002DD404+578564]
	Ordinal0 [0x002DDACB+580299]
	Ordinal0 [0x002DED35+585013]
	Ordinal0 [0x002D9D61+564577]
	Ordinal0 [0x002E82C0+623296]
	Ordinal0 [0x00286BDD+224221]
	Ordinal0 [0x00285CAC+220332]
	Ordinal0 [0x0028189B+202907]
	Ordinal0 [0x00263DF4+81396]
	Ordinal0 [0x00264DEE+85486]
	Ordinal0 [0x00264D79+85369]
	Ordinal0 [0x004785DC+2262492]
	GetHandleVerifier [0x00702874+1487204]
	GetHandleVerifier [0x007023CD+1486013]
	GetHandleVerifier [0x0070A368+1518680]
	GetHandleVerifier [0x00702F4E+1488958]
	Ordinal0 [0x0046ED0D+2223373]
	Ordinal0 [0x0047A12B+2269483]
	Ordinal0 [0x0047A26F+2269807]
	Ordinal0 [0x0048ECB8+2354360]
	BaseThreadInitThunk [0x75260419+25]
	RtlGetAppContainerNamedObjectPath [0x776074ED+237]
	RtlGetAppContainerNamedObjectPath [0x776074BD+189]

  java.base/jdk.internal.reflect.NativeConstructorAccessorImpl.newInstance0(Native Method)
  java.base/jdk.internal.reflect.NativeConstructorAccessorImpl.newInstance(NativeConstructorAccessorImpl.java:62)
  java.base/jdk.internal.reflect.DelegatingConstructorAccessorImpl.newInstance(DelegatingConstructorAccessorImpl.java:45)
  java.base/java.lang.reflect.Constructor.newInstanceWithCaller(Constructor.java:500)
  java.base/java.lang.reflect.Constructor.newInstance(Constructor.java:481)
  org.openqa.selenium.remote.W3CHandshakeResponse.lambda$errorHandler$0(W3CHandshakeResponse.java:62)
  org.openqa.selenium.remote.HandshakeResponse.lambda$getResponseFunction$0(HandshakeResponse.java:30)
  org.openqa.selenium.remote.ProtocolHandshake.lambda$createSession$0(ProtocolHandshake.java:126)
  java.base/java.util.stream.ReferencePipeline$3$1.accept(ReferencePipeline.java:195)
  java.base/java.util.Spliterators$ArraySpliterator.tryAdvance(Spliterators.java:958)
  java.base/java.util.stream.ReferencePipeline.forEachWithCancel(ReferencePipeline.java:127)
  java.base/java.util.stream.AbstractPipeline.copyIntoWithCancel(AbstractPipeline.java:502)
  java.base/java.util.stream.AbstractPipeline.copyInto(AbstractPipeline.java:488)
  java.base/java.util.stream.AbstractPipeline.wrapAndCopyInto(AbstractPipeline.java:474)
  java.base/java.util.stream.FindOps$FindOp.evaluateSequential(FindOps.java:150)
  java.base/java.util.stream.AbstractPipeline.evaluate(AbstractPipeline.java:234)
  java.base/java.util.stream.ReferencePipeline.findFirst(ReferencePipeline.java:543)
  org.openqa.selenium.remote.ProtocolHandshake.createSession(ProtocolHandshake.java:128)
  org.openqa.selenium.remote.ProtocolHandshake.createSession(ProtocolHandshake.java:74)
  org.openqa.selenium.remote.HttpCommandExecutor.execute(HttpCommandExecutor.java:136)
  org.openqa.selenium.remote.service.DriverCommandExecutor.execute(DriverCommandExecutor.java:83)
  org.openqa.selenium.remote.RemoteWebDriver.execute(RemoteWebDriver.java:552)
  org.openqa.selenium.remote.RemoteWebDriver.startSession(RemoteWebDriver.java:213)
  org.openqa.selenium.remote.RemoteWebDriver.<init>(RemoteWebDriver.java:131)
  org.openqa.selenium.chrome.ChromeDriver.<init>(ChromeDriver.java:181)
  org.openqa.selenium.chrome.ChromeDriver.<init>(ChromeDriver.java:168)
  org.openqa.selenium.chrome.ChromeDriver.<init>(ChromeDriver.java:157)
  Dashboard.aaa0001dashboardMenuUITest.launchbrowser(aaa0001dashboardMenuUITest.java:55)
  java.base/jdk.internal.reflect.NativeMethodAccessorImpl.invoke0(Native Method)
  java.base/jdk.internal.reflect.NativeMethodAccessorImpl.invoke(NativeMethodAccessorImpl.java:62)
  java.base/jdk.internal.reflect.DelegatingMethodAccessorImpl.invoke(DelegatingMethodAccessorImpl.java:43)
  java.base/java.lang.reflect.Method.invoke(Method.java:564)
  org.testng.internal.MethodInvocationHelper.invokeMethod(MethodInvocationHelper.java:132)
  org.testng.internal.MethodInvocationHelper.invokeMethodConsideringTimeout(MethodInvocationHelper.java:61)
  org.testng.internal.ConfigInvoker.invokeConfigurationMethod(ConfigInvoker.java:366)
  org.testng.internal.ConfigInvoker.invokeConfigurations(ConfigInvoker.java:320)
  org.testng.TestRunner.invokeTestConfigurations(TestRunner.java:617)
  org.testng.TestRunner.beforeRun(TestRunner.java:607)
  org.testng.TestRunner.run(TestRunner.java:578)
  org.testng.SuiteRunner.runTest(SuiteRunner.java:384)
  org.testng.SuiteRunner.runSequentially(SuiteRunner.java:378)
  org.testng.SuiteRunner.privateRun(SuiteRunner.java:337)
  org.testng.SuiteRunner.run(SuiteRunner.java:286)
  org.testng.SuiteRunnerWorker.runSuite(SuiteRunnerWorker.java:53)
  org.testng.SuiteRunnerWorker.run(SuiteRunnerWorker.java:96)
  org.testng.TestNG.runSuitesSequentially(TestNG.java:1218)
  org.testng.TestNG.runSuitesLocally(TestNG.java:1140)
  org.testng.TestNG.runSuites(TestNG.java:1069)
  org.testng.TestNG.run(TestNG.java:1037)
  org.testng.remote.AbstractRemoteTestNG.run(AbstractRemoteTestNG.java:115)
  org.testng.remote.RemoteTestNG.initAndRun(RemoteTestNG.java:251)
  org.testng.remote.RemoteTestNG.main(RemoteTestNG.java:77)
]]>
      </failure>

          </testcase>
  
            <testcase name="tearDown" time="0.0" classname="Dashboard.aaa0001dashboardMenuUITest">
          <skipped />
    </testcase>
            <testcase name="tearDown" time="0.0" classname="Dashboard.aaa0001dashboardMenuUITest">
          <skipped />
    </testcase>
            <testcase name="tearDown" time="0.0" classname="Dashboard.aaa0001dashboardMenuUITest">
          <skipped />
    </testcase>
            <testcase name="tearDown" time="0.0" classname="Dashboard.aaa0001dashboardMenuUITest">
          <skipped />
    </testcase>
            <testcase name="tearDown" time="0.0" classname="Dashboard.aaa0001dashboardMenuUITest">
          <skipped />
    </testcase>
            <testcase name="tearDown" time="0.0" classname="Dashboard.aaa0001dashboardMenuUITest">
          <skipped />
    </testcase>
            <testcase name="tearDown" time="0.0" classname="Dashboard.aaa0001dashboardMenuUITest">
          <skipped />
    </testcase>
            <testcase name="tearDown" time="0.0" classname="Dashboard.aaa0001dashboardMenuUITest">
          <skipped />
    </testcase>
            <testcase name="aftertest" time="0.0" classname="Dashboard.aaa0001dashboardMenuUITest">
          <skipped />
    </testcase>
            <testcase name="tearDown" time="0.0" classname="Dashboard.aaa0001dashboardMenuUITest">
          <skipped />
    </testcase>
            <testcase name="tearDown" time="0.0" classname="Dashboard.aaa0001dashboardMenuUITest">
          <skipped />
    </testcase>
            <testcase name="tearDown" time="0.0" classname="Dashboard.aaa0001dashboardMenuUITest">
          <skipped />
    </testcase>
            <testcase name="tearDown" time="0.0" classname="Dashboard.aaa0001dashboardMenuUITest">
          <skipped />
    </testcase>
            <testcase name="tearDown" time="0.0" classname="Dashboard.aaa0001dashboardMenuUITest">
          <skipped />
    </testcase>
            <testcase name="tearDown" time="0.0" classname="Dashboard.aaa0001dashboardMenuUITest">
          <skipped />
    </testcase>
            <testcase name="tearDown" time="0.0" classname="Dashboard.aaa0001dashboardMenuUITest">
          <skipped />
    </testcase>
            <testcase name="tearDown" time="0.0" classname="Dashboard.aaa0001dashboardMenuUITest">
          <skipped />
    </testcase>
            <testcase name="tearDown" time="0.0" classname="Dashboard.aaa0001dashboardMenuUITest">
          <skipped />
    </testcase>
            <testcase name="tearDown" time="0.0" classname="Dashboard.aaa0001dashboardMenuUITest">
          <skipped />
    </testcase>
            <testcase name="tearDown" time="0.0" classname="Dashboard.aaa0001dashboardMenuUITest">
          <skipped />
    </testcase>
            <testcase name="tearDown" time="0.0" classname="Dashboard.aaa0001dashboardMenuUITest">
          <skipped />
    </testcase>
            <testcase name="tearDown" time="0.0" classname="Dashboard.aaa0001dashboardMenuUITest">
          <skipped />
    </testcase>
            <testcase name="tearDown" time="0.0" classname="Dashboard.aaa0001dashboardMenuUITest">
          <skipped />
    </testcase>
            <testcase name="tearDown" time="0.0" classname="Dashboard.aaa0001dashboardMenuUITest">
          <skipped />
    </testcase>
            <testcase name="tearDown" time="0.0" classname="Dashboard.aaa0001dashboardMenuUITest">
          <skipped />
    </testcase>
            <testcase name="tearDown" time="0.0" classname="Dashboard.aaa0001dashboardMenuUITest">
          <skipped />
    </testcase>
            <testcase name="tearDown" time="0.0" classname="Dashboard.aaa0001dashboardMenuUITest">
          <skipped />
    </testcase>
            <testcase name="tearDown" time="0.0" classname="Dashboard.aaa0001dashboardMenuUITest">
          <skipped />
    </testcase>
            <testcase name="tearDown" time="0.0" classname="Dashboard.aaa0001dashboardMenuUITest">
          <skipped />
    </testcase>
            <testcase name="tearDown" time="0.0" classname="Dashboard.aaa0001dashboardMenuUITest">
          <skipped />
    </testcase>
            <testcase name="tearDown" time="0.0" classname="Dashboard.aaa0001dashboardMenuUITest">
          <skipped />
    </testcase>
            <testcase name="tearDown" time="0.0" classname="Dashboard.aaa0001dashboardMenuUITest">
          <skipped />
    </testcase>
            <testcase name="tearDown" time="0.0" classname="Dashboard.aaa0001dashboardMenuUITest">
          <skipped />
    </testcase>
            <testcase name="tearDown" time="0.0" classname="Dashboard.aaa0001dashboardMenuUITest">
          <skipped />
    </testcase>
            <testcase name="tearDown" time="0.0" classname="Dashboard.aaa0001dashboardMenuUITest">
          <skipped />
    </testcase>
            <testcase name="tearDown" time="0.0" classname="Dashboard.aaa0001dashboardMenuUITest">
          <skipped />
    </testcase>
            <testcase name="tearDown" time="0.0" classname="Dashboard.aaa0001dashboardMenuUITest">
          <skipped />
    </testcase>
            <testcase name="tearDown" time="0.0" classname="Dashboard.aaa0001dashboardMenuUITest">
          <skipped />
    </testcase>
            <testcase name="tearDown" time="0.0" classname="Dashboard.aaa0001dashboardMenuUITest">
          <skipped />
    </testcase>
            <testcase name="tearDown" time="0.0" classname="Dashboard.aaa0001dashboardMenuUITest">
          <skipped />
    </testcase>
            <testcase name="tearDown" time="0.0" classname="Dashboard.aaa0001dashboardMenuUITest">
          <skipped />
    </testcase>
            <testcase name="tearDown" time="0.0" classname="Dashboard.aaa0001dashboardMenuUITest">
          <skipped />
    </testcase>
            <testcase name="tearDown" time="0.0" classname="Dashboard.aaa0001dashboardMenuUITest">
          <skipped />
    </testcase>
            <testcase name="tearDown" time="0.0" classname="Dashboard.aaa0001dashboardMenuUITest">
          <skipped />
    </testcase>
            <testcase name="tearDown" time="0.0" classname="Dashboard.aaa0001dashboardMenuUITest">
          <skipped />
    </testcase>
            <testcase name="tearDown" time="0.0" classname="Dashboard.aaa0001dashboardMenuUITest">
          <skipped />
    </testcase>
            <testcase name="tearDown" time="0.0" classname="Dashboard.aaa0001dashboardMenuUITest">
          <skipped />
    </testcase>
            <testcase name="tearDown" time="0.0" classname="Dashboard.aaa0001dashboardMenuUITest">
          <skipped />
    </testcase>
            <testcase name="tearDown" time="0.0" classname="Dashboard.aaa0001dashboardMenuUITest">
          <skipped />
    </testcase>
            <testcase name="tearDown" time="0.0" classname="Dashboard.aaa0001dashboardMenuUITest">
          <skipped />
    </testcase>
            <testcase name="tearDown" time="0.0" classname="Dashboard.aaa0001dashboardMenuUITest">
          <skipped />
    </testcase>
            <testcase name="tearDown" time="0.0" classname="Dashboard.aaa0001dashboardMenuUITest">
          <skipped />
    </testcase>
            <testcase name="tearDown" time="0.0" classname="Dashboard.aaa0001dashboardMenuUITest">
          <skipped />
    </testcase>
            <testcase name="tearDown" time="0.0" classname="Dashboard.aaa0001dashboardMenuUITest">
          <skipped />
    </testcase>
            <testcase name="tearDown" time="0.0" classname="Dashboard.aaa0001dashboardMenuUITest">
          <skipped />
    </testcase>
            <testcase name="tearDown" time="0.0" classname="Dashboard.aaa0001dashboardMenuUITest">
          <skipped />
    </testcase>
            <testcase name="tearDown" time="0.0" classname="Dashboard.aaa0001dashboardMenuUITest">
          <skipped />
    </testcase>
            <testcase name="tearDown" time="0.0" classname="Dashboard.aaa0001dashboardMenuUITest">
          <skipped />
    </testcase>
            <testcase name="tearDown" time="0.0" classname="Dashboard.aaa0001dashboardMenuUITest">
          <skipped />
    </testcase>
            <testcase name="tearDown" time="0.0" classname="Dashboard.aaa0001dashboardMenuUITest">
          <skipped />
    </testcase>
            <testcase name="tearDown" time="0.0" classname="Dashboard.aaa0001dashboardMenuUITest">
          <skipped />
    </testcase>
            <testcase name="tearDown" time="0.0" classname="Dashboard.aaa0001dashboardMenuUITest">
          <skipped />
    </testcase>
            <testcase name="tearDown" time="0.0" classname="Dashboard.aaa0001dashboardMenuUITest">
          <skipped />
    </testcase>
            <testcase name="tearDown" time="0.0" classname="Dashboard.aaa0001dashboardMenuUITest">
          <skipped />
    </testcase>
            <testcase name="Test_if_Meetings_CategoryTitle_is_Present" time="0.0" classname="Dashboard.aaa0001dashboardMenuUITest">
          <skipped />
    </testcase>
            <testcase name="Test_if_DashboardPanel_Webinars_Menu_is_Correct" time="0.0" classname="Dashboard.aaa0001dashboardMenuUITest">
          <skipped />
    </testcase>
            <testcase name="Test_if_MessageCenter_is_Correct" time="0.0" classname="Dashboard.aaa0001dashboardMenuUITest">
          <skipped />
    </testcase>
            <testcase name="Test_if_MeetingRooms_has_icon" time="0.0" classname="Dashboard.aaa0001dashboardMenuUITest">
          <skipped />
    </testcase>
            <testcase name="Test_if_VideoTutorials_is_Present" time="0.0" classname="Dashboard.aaa0001dashboardMenuUITest">
          <skipped />
    </testcase>
            <testcase name="Test_if_Documentation_is_Enabled" time="0.0" classname="Dashboard.aaa0001dashboardMenuUITest">
          <skipped />
    </testcase>
            <testcase name="Test_if_DashboardPanel_subTitle_is_Correct" time="0.0" classname="Dashboard.aaa0001dashboardMenuUITest">
          <skipped />
    </testcase>
            <testcase name="Test_if_Attendees_is_Enabled" time="0.0" classname="Dashboard.aaa0001dashboardMenuUITest">
          <skipped />
    </testcase>
            <testcase name="Test_if_DashboardPanel_subTitle_is_Present" time="0.0" classname="Dashboard.aaa0001dashboardMenuUITest">
          <skipped />
    </testcase>
            <testcase name="Test_if_DashboardTitlePanel_is_Correct" time="0.0" classname="Dashboard.aaa0001dashboardMenuUITest">
          <skipped />
    </testcase>
            <testcase name="Test_if_VideoTutorials_is_Enabled" time="0.0" classname="Dashboard.aaa0001dashboardMenuUITest">
          <skipped />
    </testcase>
            <testcase name="Test_if_Attendees_has_icon" time="0.0" classname="Dashboard.aaa0001dashboardMenuUITest">
          <skipped />
    </testcase>
            <testcase name="Test_if_Media_is_Enabled" time="0.0" classname="Dashboard.aaa0001dashboardMenuUITest">
          <skipped />
    </testcase>
            <testcase name="Test_if_DashboardTitlePanel_has_icon" time="0.0" classname="Dashboard.aaa0001dashboardMenuUITest">
          <skipped />
    </testcase>
            <testcase name="Test_if_Subscription_is_Present" time="0.0" classname="Dashboard.aaa0001dashboardMenuUITest">
          <skipped />
    </testcase>
            <testcase name="Test_if_Documentation_is_Present" time="0.0" classname="Dashboard.aaa0001dashboardMenuUITest">
          <skipped />
    </testcase>
            <testcase name="Test_if_Settings_is_Correct" time="0.0" classname="Dashboard.aaa0001dashboardMenuUITest">
          <skipped />
    </testcase>
            <testcase name="Test_if_Users_is_Enabled" time="0.0" classname="Dashboard.aaa0001dashboardMenuUITest">
          <skipped />
    </testcase>
            <testcase name="Test_if_DashboardPanel_Webinars_subMenus_are_Present_and_Hidden_WhenClicked_Webinars" time="0.0" classname="Dashboard.aaa0001dashboardMenuUITest">
          <skipped />
    </testcase>
            <testcase name="Test_if_MyAccounts_CategoryTitle_is_Correct" time="0.0" classname="Dashboard.aaa0001dashboardMenuUITest">
          <skipped />
    </testcase>
            <testcase name="Test_if_Submit_Support_Ticket_is_Correct" time="0.0" classname="Dashboard.aaa0001dashboardMenuUITest">
          <skipped />
    </testcase>
            <testcase name="Test_if_MeetingRooms_is_Enabled" time="0.0" classname="Dashboard.aaa0001dashboardMenuUITest">
          <skipped />
    </testcase>
            <testcase name="Test_if_Media_has_icon" time="0.0" classname="Dashboard.aaa0001dashboardMenuUITest">
          <skipped />
    </testcase>
            <testcase name="Test_if_DashboardTitlePanel_is_Present" time="0.0" classname="Dashboard.aaa0001dashboardMenuUITest">
          <skipped />
    </testcase>
            <testcase name="Test_if_Settings_is_Enabled" time="0.0" classname="Dashboard.aaa0001dashboardMenuUITest">
          <skipped />
    </testcase>
            <testcase name="Test_if_Submit_Support_Ticket_is_Enabled" time="0.0" classname="Dashboard.aaa0001dashboardMenuUITest">
          <skipped />
    </testcase>
            <testcase name="Test_if_MeetingRooms_is_Present" time="0.0" classname="Dashboard.aaa0001dashboardMenuUITest">
          <skipped />
    </testcase>
            <testcase name="Test_if_Documentation_is_Correct" time="0.0" classname="Dashboard.aaa0001dashboardMenuUITest">
          <skipped />
    </testcase>
            <testcase name="Test_if_Users_has_icon" time="0.0" classname="Dashboard.aaa0001dashboardMenuUITest">
          <skipped />
    </testcase>
            <testcase name="Test_if_Users_is_Correct" time="0.0" classname="Dashboard.aaa0001dashboardMenuUITest">
          <skipped />
    </testcase>
            <testcase name="Test_if_Affiliates_is_Present" time="0.0" classname="Dashboard.aaa0001dashboardMenuUITest">
          <skipped />
    </testcase>
            <testcase name="Test_if_Submit_Support_Ticket_is_Present" time="0.0" classname="Dashboard.aaa0001dashboardMenuUITest">
          <skipped />
    </testcase>
            <testcase name="Test_if_Affiliates_is_Correct" time="0.0" classname="Dashboard.aaa0001dashboardMenuUITest">
          <skipped />
    </testcase>
            <testcase name="Test_if_Subscription_is_Correct" time="0.0" classname="Dashboard.aaa0001dashboardMenuUITest">
          <skipped />
    </testcase>
            <testcase name="Test_if_Documentation_has_icon" time="0.0" classname="Dashboard.aaa0001dashboardMenuUITest">
          <skipped />
    </testcase>
            <testcase name="Test_if_Attendees_is_Present" time="0.0" classname="Dashboard.aaa0001dashboardMenuUITest">
          <skipped />
    </testcase>
            <testcase name="Test_if_DashboardPanel_Webinars_Menu_has_icon" time="0.0" classname="Dashboard.aaa0001dashboardMenuUITest">
          <skipped />
    </testcase>
            <testcase name="Test_if_VideoTutorials_is_Correct" time="0.0" classname="Dashboard.aaa0001dashboardMenuUITest">
          <skipped />
    </testcase>
            <testcase name="Test_if_VideoAssets_CategoryTitle_is_Present" time="0.0" classname="Dashboard.aaa0001dashboardMenuUITest">
          <skipped />
    </testcase>
            <testcase name="Test_if_Media_is_Correct" time="0.0" classname="Dashboard.aaa0001dashboardMenuUITest">
          <skipped />
    </testcase>
            <testcase name="Test_if_DashboardPanel_Webinars_Menu_is_Present" time="0.0" classname="Dashboard.aaa0001dashboardMenuUITest">
          <skipped />
    </testcase>
            <testcase name="Test_if_Attendees_is_Correct" time="0.0" classname="Dashboard.aaa0001dashboardMenuUITest">
          <skipped />
    </testcase>
            <testcase name="Test_if_MyAccounts_CategoryTitle_is_Present" time="0.0" classname="Dashboard.aaa0001dashboardMenuUITest">
          <skipped />
    </testcase>
            <testcase name="Test_if_Subscription_has_icon" time="0.0" classname="Dashboard.aaa0001dashboardMenuUITest">
          <skipped />
    </testcase>
            <testcase name="Test_if_Support_CategoryTitle_is_Present" time="0.0" classname="Dashboard.aaa0001dashboardMenuUITest">
          <skipped />
    </testcase>
            <testcase name="Test_if_Settings_is_Present" time="0.0" classname="Dashboard.aaa0001dashboardMenuUITest">
          <skipped />
    </testcase>
            <testcase name="Test_if_Support_CategoryTitle_is_Correct" time="0.0" classname="Dashboard.aaa0001dashboardMenuUITest">
          <skipped />
    </testcase>
            <testcase name="Test_if_DashboardTitlePanel_is_Enabled" time="0.0" classname="Dashboard.aaa0001dashboardMenuUITest">
          <skipped />
    </testcase>
            <testcase name="Test_if_VideoAssets_CategoryTitle_is_Correct" time="0.0" classname="Dashboard.aaa0001dashboardMenuUITest">
          <skipped />
    </testcase>
            <testcase name="Test_if_MessageCenter_is_Enabled" time="0.0" classname="Dashboard.aaa0001dashboardMenuUITest">
          <skipped />
    </testcase>
            <testcase name="Test_if_Users_is_Present" time="0.0" classname="Dashboard.aaa0001dashboardMenuUITest">
          <skipped />
    </testcase>
            <testcase name="Test_if_MeetingRooms_is_Correct" time="0.0" classname="Dashboard.aaa0001dashboardMenuUITest">
          <skipped />
    </testcase>
            <testcase name="Test_if_Meetings_CategoryTitle_is_Correct" time="0.0" classname="Dashboard.aaa0001dashboardMenuUITest">
          <skipped />
    </testcase>
            <testcase name="Test_if_Subscription_is_Enabled" time="0.0" classname="Dashboard.aaa0001dashboardMenuUITest">
          <skipped />
    </testcase>
            <testcase name="Test_if_Settings_has_icon" time="0.0" classname="Dashboard.aaa0001dashboardMenuUITest">
          <skipped />
    </testcase>
            <testcase name="Test_if_DashboardPanel_Webinars_Menu_is_Enabled" time="0.0" classname="Dashboard.aaa0001dashboardMenuUITest">
          <skipped />
    </testcase>
            <testcase name="Test_if_MessageCenter_has_icon" time="0.0" classname="Dashboard.aaa0001dashboardMenuUITest">
          <skipped />
    </testcase>
            <testcase name="Test_if_VideoTutorials_has_icon" time="0.0" classname="Dashboard.aaa0001dashboardMenuUITest">
          <skipped />
    </testcase>
            <testcase name="Test_if_Affiliates_has_icon" time="0.0" classname="Dashboard.aaa0001dashboardMenuUITest">
          <skipped />
    </testcase>
            <testcase name="Test_if_Submit_Support_Ticket_has_icon" time="0.0" classname="Dashboard.aaa0001dashboardMenuUITest">
          <skipped />
    </testcase>
            <testcase name="Test_if_MessageCenter_is_Present" time="0.0" classname="Dashboard.aaa0001dashboardMenuUITest">
          <skipped />
    </testcase>
            <testcase name="Test_if_Affiliates_is_Enabled" time="0.0" classname="Dashboard.aaa0001dashboardMenuUITest">
          <skipped />
    </testcase>
            <testcase name="Test_if_Media_is_Present" time="0.0" classname="Dashboard.aaa0001dashboardMenuUITest">
          <skipped />
    </testcase>
  
  
</testsuite>
